/cm/local/apps/slurm/var/spool/job1747049/slurm_script: line 14: activate: No such file or directory
[M::bwa_idx_load_from_disk] read 0 ALT contigs
[M::process] read 1818032 sequences (80000040 bp)...
[M::process] read 1821642 sequences (80000039 bp)...
[M::mem_process_seqs] Processed 1818032 reads in 7.224 CPU sec, 1.111 real sec
[M::mem_process_seqs] Processed 1821642 reads in 10.941 CPU sec, 1.683 real sec
[M::process] read 1820886 sequences (80000030 bp)...
[M::process] read 1822210 sequences (80000032 bp)...
[M::mem_process_seqs] Processed 1820886 reads in 7.022 CPU sec, 0.802 real sec
[M::mem_process_seqs] Processed 1822210 reads in 7.596 CPU sec, 1.084 real sec
[M::process] read 1816434 sequences (80000000 bp)...
[M::process] read 1818464 sequences (80000091 bp)...
[M::mem_process_seqs] Processed 1816434 reads in 6.932 CPU sec, 0.799 real sec
[M::mem_process_seqs] Processed 1818464 reads in 7.562 CPU sec, 1.027 real sec
[M::process] read 1817580 sequences (80000011 bp)...
[M::mem_process_seqs] Processed 1817580 reads in 7.754 CPU sec, 0.922 real sec
[M::process] read 1522795 sequences (66882616 bp)...
[M::mem_process_seqs] Processed 1522795 reads in 5.308 CPU sec, 0.666 real sec
[main] Version: 0.7.17-r1188
[main] CMD: bwa mem -t 8 -o 30B8Z_S11_001_40m_mRNA_translated_mapped.sam dino_metzyme_annotated_coassembly.faa 30B8Z_S11_001_40m_mRNA_annotated.faa
[main] Real time: 35.029 sec; CPU: 87.215 sec
[M::bwa_idx_load_from_disk] read 0 ALT contigs
[M::process] read 1830144 sequences (80000049 bp)...
[M::process] read 1830900 sequences (80000062 bp)...
[M::mem_process_seqs] Processed 1830144 reads in 8.033 CPU sec, 1.159 real sec
[M::mem_process_seqs] Processed 1830900 reads in 7.417 CPU sec, 1.165 real sec
[M::process] read 1832206 sequences (80000038 bp)...
[M::mem_process_seqs] Processed 1832206 reads in 7.948 CPU sec, 0.934 real sec
[M::process] read 1833154 sequences (80000065 bp)...
[M::mem_process_seqs] Processed 1833154 reads in 8.500 CPU sec, 1.011 real sec
[M::process] read 1832012 sequences (80000056 bp)...
[M::mem_process_seqs] Processed 1832012 reads in 6.230 CPU sec, 0.735 real sec
[M::process] read 1834202 sequences (80000023 bp)...
[M::mem_process_seqs] Processed 1834202 reads in 8.131 CPU sec, 1.099 real sec
[M::process] read 1828664 sequences (80000073 bp)...
[M::mem_process_seqs] Processed 1828664 reads in 6.260 CPU sec, 0.722 real sec
[M::process] read 1827696 sequences (80000041 bp)...
[M::mem_process_seqs] Processed 1827696 reads in 7.758 CPU sec, 1.106 real sec
[M::process] read 1829474 sequences (80000000 bp)...
[M::mem_process_seqs] Processed 1829474 reads in 6.196 CPU sec, 0.744 real sec
[M::process] read 1826600 sequences (80000020 bp)...
[M::mem_process_seqs] Processed 1826600 reads in 8.395 CPU sec, 1.191 real sec
[M::process] read 1830410 sequences (80000033 bp)...
[M::process] read 1831682 sequences (80000069 bp)...
[M::mem_process_seqs] Processed 1830410 reads in 6.729 CPU sec, 0.777 real sec
[M::mem_process_seqs] Processed 1831682 reads in 8.018 CPU sec, 1.089 real sec
[M::process] read 695657 sequences (30280075 bp)...
[M::mem_process_seqs] Processed 695657 reads in 3.037 CPU sec, 0.359 real sec
[main] Version: 0.7.17-r1188
[main] CMD: bwa mem -t 8 -o 30B90_S12_001_70m_mRNA_translated_mapped.sam dino_metzyme_annotated_coassembly.faa 30B90_S12_001_70m_mRNA_annotated.faa
[main] Real time: 40.202 sec; CPU: 123.358 sec
[M::bwa_idx_load_from_disk] read 0 ALT contigs
[M::process] read 1832682 sequences (80000008 bp)...
[M::process] read 1835372 sequences (80000049 bp)...
[M::mem_process_seqs] Processed 1832682 reads in 8.374 CPU sec, 1.201 real sec
[M::mem_process_seqs] Processed 1835372 reads in 7.826 CPU sec, 1.150 real sec
[M::process] read 1837342 sequences (80000069 bp)...
[M::mem_process_seqs] Processed 1837342 reads in 8.438 CPU sec, 0.988 real sec
[M::process] read 1835510 sequences (80000020 bp)...
[M::process] read 1835998 sequences (80000086 bp)...
[M::mem_process_seqs] Processed 1835510 reads in 6.816 CPU sec, 0.796 real sec
[M::mem_process_seqs] Processed 1835998 reads in 8.333 CPU sec, 1.110 real sec
[M::process] read 1829944 sequences (80000081 bp)...
[M::process] read 1833448 sequences (80000068 bp)...
[M::mem_process_seqs] Processed 1829944 reads in 7.063 CPU sec, 0.835 real sec
[M::mem_process_seqs] Processed 1833448 reads in 7.433 CPU sec, 0.996 real sec
[M::process] read 1830184 sequences (80000044 bp)...
[M::process] read 1834590 sequences (80000013 bp)...
[M::mem_process_seqs] Processed 1830184 reads in 7.780 CPU sec, 0.929 real sec
[M::mem_process_seqs] Processed 1834590 reads in 8.002 CPU sec, 1.172 real sec
[M::process] read 523402 sequences (22736061 bp)...
[M::mem_process_seqs] Processed 523402 reads in 1.942 CPU sec, 0.226 real sec
[main] Version: 0.7.17-r1188
[main] CMD: bwa mem -t 8 -o 30B91_S28_001_380m_mRNA_translated_mapped.sam dino_metzyme_annotated_coassembly.faa 30B91_S28_001_380m_mRNA_annotated.faa
[main] Real time: 35.983 sec; CPU: 100.512 sec
[bam_sort_core] merging from 3 files and 1 in-memory blocks...
[bam_sort_core] merging from 5 files and 1 in-memory blocks...
[bam_sort_core] merging from 4 files and 1 in-memory blocks...
