diamond v2.0.13.151 (C) Max Planck Society for the Advancement of Science
Documentation, support and updates available at http://www.diamondsearch.org
Please cite: http://dx.doi.org/10.1038/s41592-021-01101-x Nature Methods (2021)

#CPU threads: 36
Scoring parameters: (Matrix=BLOSUM62 Lambda=0.267 K=0.041 Penalties=11/1)
Temporary directory: 
#Target sequences to report alignments for: 1
Opening the database...  [0.274s]
Database: PhyloDB.dmnd (type: Diamond database, sequences: 29445241, letters: 9534091964)
Block size = 2000000000
Opening the input file...  [0.558s]
Opening the output file...  [0s]
Loading query sequences...  [1.058s]
Masking queries...  [0.386s]
Algorithm: Double-indexed
Building query histograms...  [0.332s]
Allocating buffers...  [0s]
Loading reference sequences...  [39.247s]
Masking reference...  [3.295s]
Initializing dictionary...  [0.006s]
Initializing temporary storage...  [0.015s]
Building reference histograms...  [3.41s]
Allocating buffers...  [0s]
Processing query block 1, reference block 1/5, shape 1/2, index chunk 1/4.
Building reference seed array...  [0.907s]
Building query seed array...  [0.103s]
Computing hash join...  [0.376s]
Masking low complexity seeds...  [0.068s]
Searching alignments...  [2.357s]
Processing query block 1, reference block 1/5, shape 1/2, index chunk 2/4.
Building reference seed array...  [1.109s]
Building query seed array...  [0.147s]
Computing hash join...  [0.414s]
Masking low complexity seeds...  [0.069s]
Searching alignments...  [1.939s]
Processing query block 1, reference block 1/5, shape 1/2, index chunk 3/4.
Building reference seed array...  [1.283s]
Building query seed array...  [0.123s]
Computing hash join...  [0.396s]
Masking low complexity seeds...  [0.067s]
Searching alignments...  [1.58s]
Processing query block 1, reference block 1/5, shape 1/2, index chunk 4/4.
Building reference seed array...  [0.904s]
Building query seed array...  [0.089s]
Computing hash join...  [0.395s]
Masking low complexity seeds...  [0.065s]
Searching alignments...  [1.498s]
Processing query block 1, reference block 1/5, shape 2/2, index chunk 1/4.
Building reference seed array...  [0.859s]
Building query seed array...  [0.103s]
Computing hash join...  [0.449s]
Masking low complexity seeds...  [0.066s]
Searching alignments...  [1.576s]
Processing query block 1, reference block 1/5, shape 2/2, index chunk 2/4.
Building reference seed array...  [1.119s]
Building query seed array...  [0.117s]
Computing hash join...  [0.397s]
Masking low complexity seeds...  [0.065s]
Searching alignments...  [1.335s]
Processing query block 1, reference block 1/5, shape 2/2, index chunk 3/4.
Building reference seed array...  [1.302s]
Building query seed array...  [0.138s]
Computing hash join...  [0.4s]
Masking low complexity seeds...  [0.065s]
Searching alignments...  [1.347s]
Processing query block 1, reference block 1/5, shape 2/2, index chunk 4/4.
Building reference seed array...  [0.851s]
Building query seed array...  [0.113s]
Computing hash join...  [0.388s]
Masking low complexity seeds...  [0.063s]
Searching alignments...  [1.209s]
Deallocating buffers...  [0.071s]
Clearing query masking...  [0.053s]
Opening temporary output file...  [0.001s]
Computing alignments...  [34.922s]
Deallocating reference...  [0.008s]
Loading reference sequences...  [42.27s]
Masking reference...  [3.292s]
Initializing dictionary...  [0.004s]
Initializing temporary storage...  [0.01s]
Building reference histograms...  [3.163s]
Allocating buffers...  [0s]
Processing query block 1, reference block 2/5, shape 1/2, index chunk 1/4.
Building reference seed array...  [0.92s]
Building query seed array...  [0.111s]
Computing hash join...  [0.412s]
Masking low complexity seeds...  [0.07s]
Searching alignments...  [2.461s]
Processing query block 1, reference block 2/5, shape 1/2, index chunk 2/4.
Building reference seed array...  [1.1s]
Building query seed array...  [0.131s]
Computing hash join...  [0.393s]
Masking low complexity seeds...  [0.069s]
Searching alignments...  [1.895s]
Processing query block 1, reference block 2/5, shape 1/2, index chunk 3/4.
Building reference seed array...  [1.574s]
Building query seed array...  [0.138s]
Computing hash join...  [0.56s]
Masking low complexity seeds...  [0.068s]
Searching alignments...  [1.615s]
Processing query block 1, reference block 2/5, shape 1/2, index chunk 4/4.
Building reference seed array...  [0.877s]
Building query seed array...  [0.089s]
Computing hash join...  [0.404s]
Masking low complexity seeds...  [0.069s]
Searching alignments...  [1.494s]
Processing query block 1, reference block 2/5, shape 2/2, index chunk 1/4.
Building reference seed array...  [0.864s]
Building query seed array...  [0.109s]
Computing hash join...  [0.403s]
Masking low complexity seeds...  [0.066s]
Searching alignments...  [1.537s]
Processing query block 1, reference block 2/5, shape 2/2, index chunk 2/4.
Building reference seed array...  [1.114s]
Building query seed array...  [0.113s]
Computing hash join...  [0.383s]
Masking low complexity seeds...  [0.066s]
Searching alignments...  [1.365s]
Processing query block 1, reference block 2/5, shape 2/2, index chunk 3/4.
Building reference seed array...  [1.182s]
Building query seed array...  [0.132s]
Computing hash join...  [0.385s]
Masking low complexity seeds...  [0.067s]
Searching alignments...  [1.375s]
Processing query block 1, reference block 2/5, shape 2/2, index chunk 4/4.
Building reference seed array...  [0.852s]
Building query seed array...  [0.089s]
Computing hash join...  [0.393s]
Masking low complexity seeds...  [0.065s]
Searching alignments...  [1.237s]
Deallocating buffers...  [0.318s]
Clearing query masking...  [0.055s]
Opening temporary output file...  [0.001s]
Computing alignments...  [34.989s]
Deallocating reference...  [0.01s]
Loading reference sequences...  [41.578s]
Masking reference...  [3.385s]
Initializing dictionary...  [0.004s]
Initializing temporary storage...  [0.012s]
Building reference histograms...  [3.09s]
Allocating buffers...  [0s]
Processing query block 1, reference block 3/5, shape 1/2, index chunk 1/4.
Building reference seed array...  [0.895s]
Building query seed array...  [0.112s]
Computing hash join...  [0.435s]
Masking low complexity seeds...  [0.071s]
Searching alignments...  [2.585s]
Processing query block 1, reference block 3/5, shape 1/2, index chunk 2/4.
Building reference seed array...  [1.134s]
Building query seed array...  [0.114s]
Computing hash join...  [0.425s]
Masking low complexity seeds...  [0.071s]
Searching alignments...  [1.999s]
Processing query block 1, reference block 3/5, shape 1/2, index chunk 3/4.
Building reference seed array...  [1.317s]
Building query seed array...  [0.127s]
Computing hash join...  [0.407s]
Masking low complexity seeds...  [0.068s]
Searching alignments...  [1.762s]
Processing query block 1, reference block 3/5, shape 1/2, index chunk 4/4.
Building reference seed array...  [0.868s]
Building query seed array...  [0.114s]
Computing hash join...  [0.427s]
Masking low complexity seeds...  [0.07s]
Searching alignments...  [1.645s]
Processing query block 1, reference block 3/5, shape 2/2, index chunk 1/4.
Building reference seed array...  [0.849s]
Building query seed array...  [0.09s]
Computing hash join...  [0.39s]
Masking low complexity seeds...  [0.066s]
Searching alignments...  [1.685s]
Processing query block 1, reference block 3/5, shape 2/2, index chunk 2/4.
Building reference seed array...  [1.085s]
Building query seed array...  [0.113s]
Computing hash join...  [0.388s]
Masking low complexity seeds...  [0.068s]
Searching alignments...  [1.529s]
Processing query block 1, reference block 3/5, shape 2/2, index chunk 3/4.
Building reference seed array...  [1.185s]
Building query seed array...  [0.122s]
Computing hash join...  [0.381s]
Masking low complexity seeds...  [0.068s]
Searching alignments...  [1.453s]
Processing query block 1, reference block 3/5, shape 2/2, index chunk 4/4.
Building reference seed array...  [0.849s]
Building query seed array...  [0.089s]
Computing hash join...  [0.386s]
Masking low complexity seeds...  [0.067s]
Searching alignments...  [1.321s]
Deallocating buffers...  [0.114s]
Clearing query masking...  [0.056s]
Opening temporary output file...  [0.003s]
Computing alignments...  [38.245s]
Deallocating reference...  [0.01s]
Loading reference sequences...  [42.121s]
Masking reference...  [3.273s]
Initializing dictionary...  [0.004s]
Initializing temporary storage...  [0.009s]
Building reference histograms...  [3.225s]
Allocating buffers...  [0s]
Processing query block 1, reference block 4/5, shape 1/2, index chunk 1/4.
Building reference seed array...  [0.899s]
Building query seed array...  [0.125s]
Computing hash join...  [0.424s]
Masking low complexity seeds...  [0.07s]
Searching alignments...  [2.604s]
Processing query block 1, reference block 4/5, shape 1/2, index chunk 2/4.
Building reference seed array...  [1.115s]
Building query seed array...  [0.114s]
Computing hash join...  [0.4s]
Masking low complexity seeds...  [0.068s]
Searching alignments...  [2.035s]
Processing query block 1, reference block 4/5, shape 1/2, index chunk 3/4.
Building reference seed array...  [1.242s]
Building query seed array...  [0.15s]
Computing hash join...  [0.398s]
Masking low complexity seeds...  [0.07s]
Searching alignments...  [1.68s]
Processing query block 1, reference block 4/5, shape 1/2, index chunk 4/4.
Building reference seed array...  [0.857s]
Building query seed array...  [0.115s]
Computing hash join...  [0.417s]
Masking low complexity seeds...  [0.069s]
Searching alignments...  [1.563s]
Processing query block 1, reference block 4/5, shape 2/2, index chunk 1/4.
Building reference seed array...  [0.911s]
Building query seed array...  [0.107s]
Computing hash join...  [0.389s]
Masking low complexity seeds...  [0.067s]
Searching alignments...  [1.677s]
Processing query block 1, reference block 4/5, shape 2/2, index chunk 2/4.
Building reference seed array...  [1.083s]
Building query seed array...  [0.131s]
Computing hash join...  [0.428s]
Masking low complexity seeds...  [0.064s]
Searching alignments...  [1.401s]
Processing query block 1, reference block 4/5, shape 2/2, index chunk 3/4.
Building reference seed array...  [1.184s]
Building query seed array...  [0.161s]
Computing hash join...  [0.388s]
Masking low complexity seeds...  [0.067s]
Searching alignments...  [1.46s]
Processing query block 1, reference block 4/5, shape 2/2, index chunk 4/4.
Building reference seed array...  [0.85s]
Building query seed array...  [0.089s]
Computing hash join...  [0.388s]
Masking low complexity seeds...  [0.079s]
Searching alignments...  [1.282s]
Deallocating buffers...  [0.035s]
Clearing query masking...  [0.055s]
Opening temporary output file...  [0.003s]
Computing alignments...  [36.047s]
Deallocating reference...  [0.01s]
Loading reference sequences...  [2.869s]
Masking reference...  [2.446s]
Initializing dictionary...  [0.003s]
Initializing temporary storage...  [0.008s]
Building reference histograms...  [2.642s]
Allocating buffers...  [0s]
Processing query block 1, reference block 5/5, shape 1/2, index chunk 1/4.
Building reference seed array...  [0.689s]
Building query seed array...  [0.115s]
Computing hash join...  [0.329s]
Masking low complexity seeds...  [0.066s]
Searching alignments...  [1.986s]
Processing query block 1, reference block 5/5, shape 1/2, index chunk 2/4.
Building reference seed array...  [0.853s]
Building query seed array...  [0.118s]
Computing hash join...  [0.308s]
Masking low complexity seeds...  [0.061s]
Searching alignments...  [1.487s]
Processing query block 1, reference block 5/5, shape 1/2, index chunk 3/4.
Building reference seed array...  [0.94s]
Building query seed array...  [0.123s]
Computing hash join...  [0.313s]
Masking low complexity seeds...  [0.064s]
Searching alignments...  [1.273s]
Processing query block 1, reference block 5/5, shape 1/2, index chunk 4/4.
Building reference seed array...  [0.66s]
Building query seed array...  [0.089s]
Computing hash join...  [0.303s]
Masking low complexity seeds...  [0.063s]
Searching alignments...  [1.201s]
Processing query block 1, reference block 5/5, shape 2/2, index chunk 1/4.
Building reference seed array...  [0.663s]
Building query seed array...  [0.093s]
Computing hash join...  [0.301s]
Masking low complexity seeds...  [0.063s]
Searching alignments...  [1.252s]
Processing query block 1, reference block 5/5, shape 2/2, index chunk 2/4.
Building reference seed array...  [0.834s]
Building query seed array...  [0.123s]
Computing hash join...  [0.3s]
Masking low complexity seeds...  [0.06s]
Searching alignments...  [1.106s]
Processing query block 1, reference block 5/5, shape 2/2, index chunk 3/4.
Building reference seed array...  [0.918s]
Building query seed array...  [0.123s]
Computing hash join...  [0.321s]
Masking low complexity seeds...  [0.059s]
Searching alignments...  [1.128s]
Processing query block 1, reference block 5/5, shape 2/2, index chunk 4/4.
Building reference seed array...  [0.647s]
Building query seed array...  [0.101s]
Computing hash join...  [0.303s]
Masking low complexity seeds...  [0.061s]
Searching alignments...  [1.022s]
Deallocating buffers...  [0.008s]
Clearing query masking...  [0.063s]
Opening temporary output file...  [0.001s]
Computing alignments...  [27.881s]
Deallocating reference...  [0.006s]
Loading reference sequences...  [0.001s]
Deallocating buffers...  [0.024s]
Joining output blocks... Joining output blocks...  [4.774s]
 [5.104s]
Deallocating queries...  [0.003s]
Loading query sequences...  [0s]
Closing the input file...  [0s]
Closing the output file...  [0.009s]
Cleaning up...  [0s]
Total time = 506.401s
Reported 720464 pairwise alignments, 720464 HSPs.
720464 queries aligned.
