diamond v0.9.24.125 | by Benjamin Buchfink <buchfink@gmail.com>
Licensed under the GNU GPL <https://www.gnu.org/licenses/gpl.txt>
Check http://github.com/bbuchfink/diamond for updates.

#CPU threads: 36
Scoring parameters: (Matrix=BLOSUM62 Lambda=0.267 K=0.041 Penalties=11/1)
Temporary directory: 
Opening the database...  [0.05186s]
#Target sequences to report alignments for: 25
Opening the input file...  [0.043131s]
Opening the output file...  [0.000282s]
Loading query sequences...  [9.69754s]
Masking queries...  [9.55066s]
Building query seed set...  [0.058946s]
Algorithm: Double-indexed
Building query histograms...  [0.536224s]
Allocating buffers...  [0.001015s]
Loading reference sequences...  [4.47683s]
Building reference histograms...  [1.11994s]
Allocating buffers...  [9.7e-05s]
Initializing temporary storage...  [0.627288s]
Processing query chunk 0, reference chunk 0, shape 0, index chunk 0.
Building reference index...  [2.00741s]
Building query index...  [0.835905s]
Building seed filter...  [0.162168s]
Searching alignments...  [36.4695s]
Processing query chunk 0, reference chunk 0, shape 0, index chunk 1.
Building reference index...  [2.37413s]
Building query index...  [0.928933s]
Building seed filter...  [0.162622s]
Searching alignments...  [30.4252s]
Processing query chunk 0, reference chunk 0, shape 0, index chunk 2.
Building reference index...  [2.46025s]
Building query index...  [1.01503s]
Building seed filter...  [0.161292s]
Searching alignments...  [28.5433s]
Processing query chunk 0, reference chunk 0, shape 0, index chunk 3.
Building reference index...  [2.11141s]
Building query index...  [0.884356s]
Building seed filter...  [0.163841s]
Searching alignments...  [26.7858s]
Processing query chunk 0, reference chunk 0, shape 1, index chunk 0.
Building reference index...  [2.07334s]
Building query index...  [0.856872s]
Building seed filter...  [0.158222s]
Searching alignments...  [20.363s]
Processing query chunk 0, reference chunk 0, shape 1, index chunk 1.
Building reference index...  [2.35665s]
Building query index...  [0.881549s]
Building seed filter...  [0.157923s]
Searching alignments...  [20.7083s]
Processing query chunk 0, reference chunk 0, shape 1, index chunk 2.
Building reference index...  [2.41186s]
Building query index...  [0.873813s]
Building seed filter...  [0.159235s]
Searching alignments...  [20.6209s]
Processing query chunk 0, reference chunk 0, shape 1, index chunk 3.
Building reference index...  [2.08377s]
Building query index...  [0.785634s]
Building seed filter...  [0.162015s]
Searching alignments...  [19.8123s]
Deallocating buffers...  [0.199975s]
Opening temporary output file...  [0.004412s]
Computing alignments...  [77.3602s]
Deallocating reference...  [0.008277s]
Loading reference sequences...  [3.52847s]
Building reference histograms...  [1.11285s]
Allocating buffers...  [0.0001s]
Initializing temporary storage...  [0.083339s]
Processing query chunk 0, reference chunk 1, shape 0, index chunk 0.
Building reference index...  [2.00477s]
Building query index...  [0.877152s]
Building seed filter...  [0.167489s]
Searching alignments...  [37.2019s]
Processing query chunk 0, reference chunk 1, shape 0, index chunk 1.
Building reference index...  [2.69498s]
Building query index...  [0.966753s]
Building seed filter...  [0.190282s]
Searching alignments...  [31.5733s]
Processing query chunk 0, reference chunk 1, shape 0, index chunk 2.
Building reference index...  [2.6224s]
Building query index...  [1.00884s]
Building seed filter...  [0.165772s]
Searching alignments...  [29.5221s]
Processing query chunk 0, reference chunk 1, shape 0, index chunk 3.
Building reference index...  [2.33498s]
Building query index...  [0.883642s]
Building seed filter...  [0.165753s]
Searching alignments...  [28.0077s]
Processing query chunk 0, reference chunk 1, shape 1, index chunk 0.
Building reference index...  [2.17203s]
Building query index...  [0.795241s]
Building seed filter...  [0.161596s]
Searching alignments...  [21.7698s]
Processing query chunk 0, reference chunk 1, shape 1, index chunk 1.
Building reference index...  [2.5629s]
Building query index...  [0.870712s]
Building seed filter...  [0.161295s]
Searching alignments...  [21.7761s]
Processing query chunk 0, reference chunk 1, shape 1, index chunk 2.
Building reference index...  [2.63643s]
Building query index...  [0.884272s]
Building seed filter...  [0.181893s]
Searching alignments...  [22.0347s]
Processing query chunk 0, reference chunk 1, shape 1, index chunk 3.
Building reference index...  [2.25102s]
Building query index...  [0.784962s]
Building seed filter...  [0.211087s]
Searching alignments...  [20.8693s]
Deallocating buffers...  [0.456848s]
Opening temporary output file...  [0.02859s]
Computing alignments...  [77.6598s]
Deallocating reference...  [0.209757s]
Loading reference sequences...  [5.09683s]
Building reference histograms...  [1.13112s]
Allocating buffers...  [0.000507s]
Initializing temporary storage...  [0.054433s]
Processing query chunk 0, reference chunk 2, shape 0, index chunk 0.
Building reference index...  [1.99858s]
Building query index...  [0.897765s]
Building seed filter...  [0.17081s]
Searching alignments...  [38.0977s]
Processing query chunk 0, reference chunk 2, shape 0, index chunk 1.
Building reference index...  [2.41248s]
Building query index...  [0.967126s]
Building seed filter...  [0.170549s]
Searching alignments...  [31.9425s]
Processing query chunk 0, reference chunk 2, shape 0, index chunk 2.
Building reference index...  [2.51542s]
Building query index...  [0.995461s]
Building seed filter...  [0.195876s]
Searching alignments...  [30.1983s]
Processing query chunk 0, reference chunk 2, shape 0, index chunk 3.
Building reference index...  [2.17001s]
Building query index...  [0.81359s]
Building seed filter...  [0.170067s]
Searching alignments...  [27.8668s]
Processing query chunk 0, reference chunk 2, shape 1, index chunk 0.
Building reference index...  [2.12892s]
Building query index...  [0.793241s]
Building seed filter...  [0.165003s]
Searching alignments...  [22.0095s]
Processing query chunk 0, reference chunk 2, shape 1, index chunk 1.
Building reference index...  [2.39491s]
Building query index...  [0.886711s]
Building seed filter...  [0.184633s]
Searching alignments...  [21.5862s]
Processing query chunk 0, reference chunk 2, shape 1, index chunk 2.
Building reference index...  [2.48703s]
Building query index...  [0.950836s]
Building seed filter...  [0.163256s]
Searching alignments...  [21.8346s]
Processing query chunk 0, reference chunk 2, shape 1, index chunk 3.
Building reference index...  [2.07345s]
Building query index...  [0.783224s]
Building seed filter...  [0.164639s]
Searching alignments...  [20.7856s]
Deallocating buffers...  [0.294535s]
Opening temporary output file...  [0.000824s]
Computing alignments...  [74.9662s]
Deallocating reference...  [0.008348s]
Loading reference sequences...  [57.8368s]
Building reference histograms...  [1.10925s]
Allocating buffers...  [9.2e-05s]
Initializing temporary storage...  [0.049269s]
Processing query chunk 0, reference chunk 3, shape 0, index chunk 0.
Building reference index...  [2.01202s]
Building query index...  [0.90491s]
Building seed filter...  [0.167091s]
Searching alignments...  [38.1516s]
Processing query chunk 0, reference chunk 3, shape 0, index chunk 1.
Building reference index...  [2.5414s]
Building query index...  [1.03011s]
Building seed filter...  [0.168707s]
Searching alignments...  [32.5859s]
Processing query chunk 0, reference chunk 3, shape 0, index chunk 2.
Building reference index...  [2.64027s]
Building query index...  [1.01131s]
Building seed filter...  [0.179982s]
Searching alignments...  [29.7612s]
Processing query chunk 0, reference chunk 3, shape 0, index chunk 3.
Building reference index...  [2.17683s]
Building query index...  [0.870365s]
Building seed filter...  [0.166978s]
Searching alignments...  [27.7355s]
Processing query chunk 0, reference chunk 3, shape 1, index chunk 0.
Building reference index...  [2.16778s]
Building query index...  [0.81796s]
Building seed filter...  [0.162772s]
Searching alignments...  [21.4901s]
Processing query chunk 0, reference chunk 3, shape 1, index chunk 1.
Building reference index...  [2.54865s]
Building query index...  [0.87879s]
Building seed filter...  [0.184849s]
Searching alignments...  [21.4625s]
Processing query chunk 0, reference chunk 3, shape 1, index chunk 2.
Building reference index...  [2.54781s]
Building query index...  [0.926303s]
Building seed filter...  [0.162679s]
Searching alignments...  [21.5871s]
Processing query chunk 0, reference chunk 3, shape 1, index chunk 3.
Building reference index...  [2.24349s]
Building query index...  [0.804428s]
Building seed filter...  [0.16213s]
Searching alignments...  [20.8053s]
Deallocating buffers...  [0.371559s]
Opening temporary output file...  [0.001063s]
Computing alignments...  [83.61s]
Deallocating reference...  [0.274991s]
Loading reference sequences...  [43.3577s]
Building reference histograms...  [0.874396s]
Allocating buffers...  [9.5e-05s]
Initializing temporary storage...  [0.048217s]
Processing query chunk 0, reference chunk 4, shape 0, index chunk 0.
Building reference index...  [1.5425s]
Building query index...  [0.914234s]
Building seed filter...  [0.145807s]
Searching alignments...  [30.7456s]
Processing query chunk 0, reference chunk 4, shape 0, index chunk 1.
Building reference index...  [1.94218s]
Building query index...  [0.970591s]
Building seed filter...  [0.145621s]
Searching alignments...  [26.4675s]
Processing query chunk 0, reference chunk 4, shape 0, index chunk 2.
Building reference index...  [2.01907s]
Building query index...  [0.976001s]
Building seed filter...  [0.145555s]
Searching alignments...  [24.7121s]
Processing query chunk 0, reference chunk 4, shape 0, index chunk 3.
Building reference index...  [1.76304s]
Building query index...  [0.872049s]
Building seed filter...  [0.144142s]
Searching alignments...  [23.181s]
Processing query chunk 0, reference chunk 4, shape 1, index chunk 0.
Building reference index...  [1.69696s]
Building query index...  [0.75769s]
Building seed filter...  [0.140531s]
Searching alignments...  [18.2123s]
Processing query chunk 0, reference chunk 4, shape 1, index chunk 1.
Building reference index...  [1.86216s]
Building query index...  [0.884442s]
Building seed filter...  [0.139956s]
Searching alignments...  [17.8197s]
Processing query chunk 0, reference chunk 4, shape 1, index chunk 2.
Building reference index...  [1.9459s]
Building query index...  [0.903719s]
Building seed filter...  [0.141141s]
Searching alignments...  [17.7499s]
Processing query chunk 0, reference chunk 4, shape 1, index chunk 3.
Building reference index...  [1.68664s]
Building query index...  [0.870425s]
Building seed filter...  [0.13903s]
Searching alignments...  [17.2396s]
Deallocating buffers...  [0.291937s]
Opening temporary output file...  [0.0028s]
Computing alignments...  [72.2393s]
Deallocating reference...  [0.199174s]
Loading reference sequences...  [4e-05s]
Deallocating buffers...  [0.176863s]
Joining output blocks...  [53.7953s]
Deallocating queries...  [1.88757s]
Loading query sequences...  [0.000504s]
Closing the input file...  [2.4e-05s]
Closing the output file...  [0.001857s]
Closing the database file...  [1.3e-05s]
Deallocating taxonomy...  [5e-06s]
Total time = 1735.89s
Reported 98895528 pairwise alignments, 98895546 HSPs.
5293897 queries aligned.
diamond v0.9.24.125 | by Benjamin Buchfink <buchfink@gmail.com>
Licensed under the GNU GPL <https://www.gnu.org/licenses/gpl.txt>
Check http://github.com/bbuchfink/diamond for updates.

#CPU threads: 36
Scoring parameters: (Matrix=BLOSUM62 Lambda=0.267 K=0.041 Penalties=11/1)
Temporary directory: 
Opening the database...  [0.05637s]
#Target sequences to report alignments for: 25
Opening the input file...  [0.045399s]
Opening the output file...  [0.000535s]
Loading query sequences...  [7.3685s]
Masking queries...  [7.00605s]
Building query seed set...  [0.050349s]
Algorithm: Double-indexed
Building query histograms...  [0.383454s]
Allocating buffers...  [0.000858s]
Loading reference sequences...  [53.9111s]
Building reference histograms...  [1.10814s]
Allocating buffers...  [9.9e-05s]
Initializing temporary storage...  [0.065419s]
Processing query chunk 0, reference chunk 0, shape 0, index chunk 0.
Building reference index...  [2.01838s]
Building query index...  [0.569235s]
Building seed filter...  [0.15063s]
Searching alignments...  [28.0322s]
Processing query chunk 0, reference chunk 0, shape 0, index chunk 1.
Building reference index...  [2.43149s]
Building query index...  [0.744047s]
Building seed filter...  [0.151604s]
Searching alignments...  [23.2173s]
Processing query chunk 0, reference chunk 0, shape 0, index chunk 2.
Building reference index...  [2.58736s]
Building query index...  [0.75601s]
Building seed filter...  [0.150595s]
Searching alignments...  [21.612s]
Processing query chunk 0, reference chunk 0, shape 0, index chunk 3.
Building reference index...  [2.25538s]
Building query index...  [0.63297s]
Building seed filter...  [0.15082s]
Searching alignments...  [20.1728s]
Processing query chunk 0, reference chunk 0, shape 1, index chunk 0.
Building reference index...  [2.17779s]
Building query index...  [0.60469s]
Building seed filter...  [0.147005s]
Searching alignments...  [15.6017s]
Processing query chunk 0, reference chunk 0, shape 1, index chunk 1.
Building reference index...  [2.46319s]
Building query index...  [0.673923s]
Building seed filter...  [0.148149s]
Searching alignments...  [15.8404s]
Processing query chunk 0, reference chunk 0, shape 1, index chunk 2.
Building reference index...  [2.5317s]
Building query index...  [0.682073s]
Building seed filter...  [0.146461s]
Searching alignments...  [16.3418s]
Processing query chunk 0, reference chunk 0, shape 1, index chunk 3.
Building reference index...  [2.19785s]
Building query index...  [0.601513s]
Building seed filter...  [0.147657s]
Searching alignments...  [15.3133s]
Deallocating buffers...  [0.331555s]
Opening temporary output file...  [0.000388s]
Computing alignments...  [57.5282s]
Deallocating reference...  [0.008758s]
Loading reference sequences...  [4.39155s]
Building reference histograms...  [1.09042s]
Allocating buffers...  [0.000514s]
Initializing temporary storage...  [0.065585s]
Processing query chunk 0, reference chunk 1, shape 0, index chunk 0.
Building reference index...  [2.01351s]
Building query index...  [0.64008s]
Building seed filter...  [0.153087s]
Searching alignments...  [28.8033s]
Processing query chunk 0, reference chunk 1, shape 0, index chunk 1.
Building reference index...  [2.5292s]
Building query index...  [0.730529s]
Building seed filter...  [0.153363s]
Searching alignments...  [24.2758s]
Processing query chunk 0, reference chunk 1, shape 0, index chunk 2.
Building reference index...  [2.73317s]
Building query index...  [0.752144s]
Building seed filter...  [0.185612s]
Searching alignments...  [22.451s]
Processing query chunk 0, reference chunk 1, shape 0, index chunk 3.
Building reference index...  [2.17803s]
Building query index...  [0.661153s]
Building seed filter...  [0.152911s]
Searching alignments...  [21.2344s]
Processing query chunk 0, reference chunk 1, shape 1, index chunk 0.
Building reference index...  [2.16066s]
Building query index...  [0.567716s]
Building seed filter...  [0.149942s]
Searching alignments...  [16.6715s]
Processing query chunk 0, reference chunk 1, shape 1, index chunk 1.
Building reference index...  [2.51724s]
Building query index...  [0.674243s]
Building seed filter...  [0.151025s]
Searching alignments...  [16.7584s]
Processing query chunk 0, reference chunk 1, shape 1, index chunk 2.
Building reference index...  [2.58771s]
Building query index...  [0.672514s]
Building seed filter...  [0.149171s]
Searching alignments...  [17.4153s]
Processing query chunk 0, reference chunk 1, shape 1, index chunk 3.
Building reference index...  [2.3068s]
Building query index...  [0.60601s]
Building seed filter...  [0.148323s]
Searching alignments...  [15.9557s]
Deallocating buffers...  [0.416317s]
Opening temporary output file...  [0.00294s]
Computing alignments...  [66.5058s]
Deallocating reference...  [0.265654s]
Loading reference sequences...  [5.72079s]
Building reference histograms...  [1.10164s]
Allocating buffers...  [0.000517s]
Initializing temporary storage...  [0.050257s]
Processing query chunk 0, reference chunk 2, shape 0, index chunk 0.
Building reference index...  [2.00609s]
Building query index...  [0.677006s]
Building seed filter...  [0.163716s]
Searching alignments...  [28.8533s]
Processing query chunk 0, reference chunk 2, shape 0, index chunk 1.
Building reference index...  [2.45057s]
Building query index...  [0.705482s]
Building seed filter...  [0.159466s]
Searching alignments...  [24.1984s]
Processing query chunk 0, reference chunk 2, shape 0, index chunk 2.
Building reference index...  [2.53083s]
Building query index...  [0.745385s]
Building seed filter...  [0.157491s]
Searching alignments...  [22.6709s]
Processing query chunk 0, reference chunk 2, shape 0, index chunk 3.
Building reference index...  [2.20809s]
Building query index...  [0.635974s]
Building seed filter...  [0.158765s]
Searching alignments...  [21.1311s]
Processing query chunk 0, reference chunk 2, shape 1, index chunk 0.
Building reference index...  [2.13669s]
Building query index...  [0.613272s]
Building seed filter...  [0.153047s]
Searching alignments...  [16.8433s]
Processing query chunk 0, reference chunk 2, shape 1, index chunk 1.
Building reference index...  [2.46688s]
Building query index...  [0.666334s]
Building seed filter...  [0.153552s]
Searching alignments...  [16.5447s]
Processing query chunk 0, reference chunk 2, shape 1, index chunk 2.
Building reference index...  [2.55976s]
Building query index...  [0.675545s]
Building seed filter...  [0.15508s]
Searching alignments...  [16.7655s]
Processing query chunk 0, reference chunk 2, shape 1, index chunk 3.
Building reference index...  [2.18686s]
Building query index...  [0.592696s]
Building seed filter...  [0.153832s]
Searching alignments...  [15.7597s]
Deallocating buffers...  [0.325027s]
Opening temporary output file...  [0.000499s]
Computing alignments...  [61.919s]
Deallocating reference...  [0.008363s]
Loading reference sequences...  [50.5564s]
Building reference histograms...  [1.20791s]
Allocating buffers...  [0.000524s]
Initializing temporary storage...  [0.050992s]
Processing query chunk 0, reference chunk 3, shape 0, index chunk 0.
Building reference index...  [2.02784s]
Building query index...  [0.651631s]
Building seed filter...  [0.160624s]
Searching alignments...  [29.5987s]
Processing query chunk 0, reference chunk 3, shape 0, index chunk 1.
Building reference index...  [2.57166s]
Building query index...  [0.74373s]
Building seed filter...  [0.156794s]
Searching alignments...  [24.4846s]
Processing query chunk 0, reference chunk 3, shape 0, index chunk 2.
Building reference index...  [2.67898s]
Building query index...  [0.748421s]
Building seed filter...  [0.192818s]
Searching alignments...  [22.5428s]
Processing query chunk 0, reference chunk 3, shape 0, index chunk 3.
Building reference index...  [2.24733s]
Building query index...  [0.668913s]
Building seed filter...  [0.155434s]
Searching alignments...  [21.1734s]
Processing query chunk 0, reference chunk 3, shape 1, index chunk 0.
Building reference index...  [2.19528s]
Building query index...  [0.590029s]
Building seed filter...  [0.151955s]
Searching alignments...  [16.6235s]
Processing query chunk 0, reference chunk 3, shape 1, index chunk 1.
Building reference index...  [2.48469s]
Building query index...  [0.665713s]
Building seed filter...  [0.151896s]
Searching alignments...  [16.4694s]
Processing query chunk 0, reference chunk 3, shape 1, index chunk 2.
Building reference index...  [2.57516s]
Building query index...  [0.683948s]
Building seed filter...  [0.154131s]
Searching alignments...  [16.8344s]
Processing query chunk 0, reference chunk 3, shape 1, index chunk 3.
Building reference index...  [2.21371s]
Building query index...  [0.577552s]
Building seed filter...  [0.172921s]
Searching alignments...  [15.8333s]
Deallocating buffers...  [0.419783s]
Opening temporary output file...  [0.000502s]
Computing alignments...  [64.6636s]
Deallocating reference...  [0.262961s]
Loading reference sequences...  [45.0686s]
Building reference histograms...  [0.844565s]
Allocating buffers...  [0.000496s]
Initializing temporary storage...  [0.051394s]
Processing query chunk 0, reference chunk 4, shape 0, index chunk 0.
Building reference index...  [1.53752s]
Building query index...  [0.668s]
Building seed filter...  [0.136237s]
Searching alignments...  [23.5853s]
Processing query chunk 0, reference chunk 4, shape 0, index chunk 1.
Building reference index...  [2.08049s]
Building query index...  [0.728082s]
Building seed filter...  [0.133227s]
Searching alignments...  [20.1028s]
Processing query chunk 0, reference chunk 4, shape 0, index chunk 2.
Building reference index...  [1.98055s]
Building query index...  [0.746992s]
Building seed filter...  [0.134293s]
Searching alignments...  [18.6121s]
Processing query chunk 0, reference chunk 4, shape 0, index chunk 3.
Building reference index...  [1.80249s]
Building query index...  [0.665995s]
Building seed filter...  [0.132847s]
Searching alignments...  [17.5912s]
Processing query chunk 0, reference chunk 4, shape 1, index chunk 0.
Building reference index...  [1.6984s]
Building query index...  [0.589994s]
Building seed filter...  [0.128281s]
Searching alignments...  [13.9669s]
Processing query chunk 0, reference chunk 4, shape 1, index chunk 1.
Building reference index...  [1.86064s]
Building query index...  [0.6483s]
Building seed filter...  [0.128933s]
Searching alignments...  [13.531s]
Processing query chunk 0, reference chunk 4, shape 1, index chunk 2.
Building reference index...  [1.93663s]
Building query index...  [0.703215s]
Building seed filter...  [0.128647s]
Searching alignments...  [14.0114s]
Processing query chunk 0, reference chunk 4, shape 1, index chunk 3.
Building reference index...  [1.78202s]
Building query index...  [0.591919s]
Building seed filter...  [0.129135s]
Searching alignments...  [13.1854s]
Deallocating buffers...  [0.370497s]
Opening temporary output file...  [0.007203s]
Computing alignments...  [57.0567s]
Deallocating reference...  [0.197649s]
Loading reference sequences...  [9.4e-05s]
Deallocating buffers...  [0.155993s]
Joining output blocks...  [41.7217s]
Deallocating queries...  [1.51511s]
Loading query sequences...  [2.5e-05s]
Closing the input file...  [2.4e-05s]
Closing the output file...  [0.000876s]
Closing the database file...  [3.3e-05s]
Deallocating taxonomy...  [1.7e-05s]
Total time = 1437.02s
Reported 74951845 pairwise alignments, 74951884 HSPs.
4001161 queries aligned.
