diamond v0.9.24.125 | by Benjamin Buchfink <buchfink@gmail.com>
Licensed under the GNU GPL <https://www.gnu.org/licenses/gpl.txt>
Check http://github.com/bbuchfink/diamond for updates.

#CPU threads: 36
Scoring parameters: (Matrix=BLOSUM62 Lambda=0.267 K=0.041 Penalties=11/1)
Temporary directory: 
Opening the database...  [5.2e-05s]
#Target sequences to report alignments for: 25
Opening the input file...  [0.034568s]
Opening the output file...  [0.000139s]
Loading query sequences...  [11.1694s]
Masking queries...  [17.3126s]
Building query seed set...  [1.64911s]
Algorithm: Double-indexed
Building query histograms...  [0.254985s]
Allocating buffers...  [0.000426s]
Loading reference sequences...  [69.8842s]
Building reference histograms...  [1.24897s]
Allocating buffers...  [9.9e-05s]
Initializing temporary storage...  [0.539972s]
Processing query chunk 0, reference chunk 0, shape 0, index chunk 0.
Building reference index...  [1.98837s]
Building query index...  [0.148436s]
Building seed filter...  [0.100948s]
Searching alignments...  [0.065278s]
Processing query chunk 0, reference chunk 0, shape 0, index chunk 1.
Building reference index...  [2.23632s]
Building query index...  [0.134877s]
Building seed filter...  [0.101217s]
Searching alignments...  [0.062968s]
Processing query chunk 0, reference chunk 0, shape 0, index chunk 2.
Building reference index...  [2.31878s]
Building query index...  [0.137162s]
Building seed filter...  [0.100814s]
Searching alignments...  [0.066643s]
Processing query chunk 0, reference chunk 0, shape 0, index chunk 3.
Building reference index...  [1.98461s]
Building query index...  [0.131637s]
Building seed filter...  [0.102265s]
Searching alignments...  [0.06528s]
Processing query chunk 0, reference chunk 0, shape 1, index chunk 0.
Building reference index...  [1.94054s]
Building query index...  [0.21175s]
Building seed filter...  [0.103595s]
Searching alignments...  [0.056889s]
Processing query chunk 0, reference chunk 0, shape 1, index chunk 1.
Building reference index...  [2.22289s]
Building query index...  [0.129031s]
Building seed filter...  [0.106035s]
Searching alignments...  [0.06325s]
Processing query chunk 0, reference chunk 0, shape 1, index chunk 2.
Building reference index...  [2.29899s]
Building query index...  [0.171819s]
Building seed filter...  [0.103224s]
Searching alignments...  [0.059145s]
Processing query chunk 0, reference chunk 0, shape 1, index chunk 3.
Building reference index...  [1.9309s]
Building query index...  [0.146947s]
Building seed filter...  [0.10286s]
Searching alignments...  [0.058429s]
Deallocating buffers...  [0.010472s]
Opening temporary output file...  [0.000942s]
Computing alignments...  [21.1894s]
Deallocating reference...  [0.006606s]
Loading reference sequences...  [4.88062s]
Building reference histograms...  [1.10406s]
Allocating buffers...  [9.6e-05s]
Initializing temporary storage...  [0.062505s]
Processing query chunk 0, reference chunk 1, shape 0, index chunk 0.
Building reference index...  [1.97318s]
Building query index...  [0.142093s]
Building seed filter...  [0.103034s]
Searching alignments...  [0.065965s]
Processing query chunk 0, reference chunk 1, shape 0, index chunk 1.
Building reference index...  [2.2134s]
Building query index...  [0.134703s]
Building seed filter...  [0.111951s]
Searching alignments...  [0.065842s]
Processing query chunk 0, reference chunk 1, shape 0, index chunk 2.
Building reference index...  [2.33114s]
Building query index...  [0.136862s]
Building seed filter...  [0.106103s]
Searching alignments...  [0.06687s]
Processing query chunk 0, reference chunk 1, shape 0, index chunk 3.
Building reference index...  [1.94596s]
Building query index...  [0.135929s]
Building seed filter...  [0.108381s]
Searching alignments...  [0.070258s]
Processing query chunk 0, reference chunk 1, shape 1, index chunk 0.
Building reference index...  [1.91343s]
Building query index...  [0.177014s]
Building seed filter...  [1.0662s]
Searching alignments...  [0.059162s]
Processing query chunk 0, reference chunk 1, shape 1, index chunk 1.
Building reference index...  [2.18744s]
Building query index...  [0.125968s]
Building seed filter...  [0.104353s]
Searching alignments...  [0.059757s]
Processing query chunk 0, reference chunk 1, shape 1, index chunk 2.
Building reference index...  [2.29759s]
Building query index...  [0.129167s]
Building seed filter...  [0.103996s]
Searching alignments...  [0.061s]
Processing query chunk 0, reference chunk 1, shape 1, index chunk 3.
Building reference index...  [1.91827s]
Building query index...  [0.158039s]
Building seed filter...  [0.108899s]
Searching alignments...  [0.066349s]
Deallocating buffers...  [0.010458s]
Opening temporary output file...  [0.001229s]
Computing alignments...  [21.7127s]
Deallocating reference...  [0.006803s]
Loading reference sequences...  [2.81266s]
Building reference histograms...  [1.20959s]
Allocating buffers...  [9.2e-05s]
Initializing temporary storage...  [0.05109s]
Processing query chunk 0, reference chunk 2, shape 0, index chunk 0.
Building reference index...  [1.97337s]
Building query index...  [0.14612s]
Building seed filter...  [0.106912s]
Searching alignments...  [0.074758s]
Processing query chunk 0, reference chunk 2, shape 0, index chunk 1.
Building reference index...  [2.22028s]
Building query index...  [0.132764s]
Building seed filter...  [0.108042s]
Searching alignments...  [0.069411s]
Processing query chunk 0, reference chunk 2, shape 0, index chunk 2.
Building reference index...  [2.30481s]
Building query index...  [0.191298s]
Building seed filter...  [0.116601s]
Searching alignments...  [0.070051s]
Processing query chunk 0, reference chunk 2, shape 0, index chunk 3.
Building reference index...  [1.95483s]
Building query index...  [0.131419s]
Building seed filter...  [0.111041s]
Searching alignments...  [0.074745s]
Processing query chunk 0, reference chunk 2, shape 1, index chunk 0.
Building reference index...  [1.96002s]
Building query index...  [0.127774s]
Building seed filter...  [0.1107s]
Searching alignments...  [0.062516s]
Processing query chunk 0, reference chunk 2, shape 1, index chunk 1.
Building reference index...  [2.20407s]
Building query index...  [0.167663s]
Building seed filter...  [0.108418s]
Searching alignments...  [0.061997s]
Processing query chunk 0, reference chunk 2, shape 1, index chunk 2.
Building reference index...  [2.28397s]
Building query index...  [0.127701s]
Building seed filter...  [0.10852s]
Searching alignments...  [0.075267s]
Processing query chunk 0, reference chunk 2, shape 1, index chunk 3.
Building reference index...  [1.93181s]
Building query index...  [0.129085s]
Building seed filter...  [0.108588s]
Searching alignments...  [0.062528s]
Deallocating buffers...  [0.010334s]
Opening temporary output file...  [0.000983s]
Computing alignments...  [21.3827s]
Deallocating reference...  [0.006477s]
Loading reference sequences...  [60.9837s]
Building reference histograms...  [1.22892s]
Allocating buffers...  [9.6e-05s]
Initializing temporary storage...  [0.053829s]
Processing query chunk 0, reference chunk 3, shape 0, index chunk 0.
Building reference index...  [1.98768s]
Building query index...  [0.144698s]
Building seed filter...  [0.104848s]
Searching alignments...  [0.070366s]
Processing query chunk 0, reference chunk 3, shape 0, index chunk 1.
Building reference index...  [2.21911s]
Building query index...  [0.133836s]
Building seed filter...  [0.105102s]
Searching alignments...  [0.076386s]
Processing query chunk 0, reference chunk 3, shape 0, index chunk 2.
Building reference index...  [2.30181s]
Building query index...  [0.134733s]
Building seed filter...  [0.113254s]
Searching alignments...  [0.079642s]
Processing query chunk 0, reference chunk 3, shape 0, index chunk 3.
Building reference index...  [1.94816s]
Building query index...  [0.177677s]
Building seed filter...  [0.107972s]
Searching alignments...  [0.072188s]
Processing query chunk 0, reference chunk 3, shape 1, index chunk 0.
Building reference index...  [1.92582s]
Building query index...  [0.160112s]
Building seed filter...  [0.107396s]
Searching alignments...  [0.06174s]
Processing query chunk 0, reference chunk 3, shape 1, index chunk 1.
Building reference index...  [2.2349s]
Building query index...  [0.142215s]
Building seed filter...  [0.107341s]
Searching alignments...  [0.061835s]
Processing query chunk 0, reference chunk 3, shape 1, index chunk 2.
Building reference index...  [2.2865s]
Building query index...  [0.127537s]
Building seed filter...  [0.107139s]
Searching alignments...  [0.063983s]
Processing query chunk 0, reference chunk 3, shape 1, index chunk 3.
Building reference index...  [1.92705s]
Building query index...  [0.126943s]
Building seed filter...  [0.106737s]
Searching alignments...  [0.061255s]
Deallocating buffers...  [0.010375s]
Opening temporary output file...  [0.001308s]
Computing alignments...  [21.6303s]
Deallocating reference...  [0.006881s]
Loading reference sequences...  [2.87191s]
Building reference histograms...  [0.960672s]
Allocating buffers...  [0.000486s]
Initializing temporary storage...  [0.064284s]
Processing query chunk 0, reference chunk 4, shape 0, index chunk 0.
Building reference index...  [1.50837s]
Building query index...  [0.143868s]
Building seed filter...  [0.082604s]
Searching alignments...  [0.052033s]
Processing query chunk 0, reference chunk 4, shape 0, index chunk 1.
Building reference index...  [1.68978s]
Building query index...  [0.136562s]
Building seed filter...  [0.084058s]
Searching alignments...  [0.054033s]
Processing query chunk 0, reference chunk 4, shape 0, index chunk 2.
Building reference index...  [1.78872s]
Building query index...  [0.135978s]
Building seed filter...  [0.082503s]
Searching alignments...  [0.052703s]
Processing query chunk 0, reference chunk 4, shape 0, index chunk 3.
Building reference index...  [1.48219s]
Building query index...  [0.133157s]
Building seed filter...  [0.081813s]
Searching alignments...  [0.052666s]
Processing query chunk 0, reference chunk 4, shape 1, index chunk 0.
Building reference index...  [1.46645s]
Building query index...  [0.130036s]
Building seed filter...  [0.082024s]
Searching alignments...  [0.046754s]
Processing query chunk 0, reference chunk 4, shape 1, index chunk 1.
Building reference index...  [1.66849s]
Building query index...  [0.128263s]
Building seed filter...  [0.081802s]
Searching alignments...  [0.047549s]
Processing query chunk 0, reference chunk 4, shape 1, index chunk 2.
Building reference index...  [1.77968s]
Building query index...  [0.125875s]
Building seed filter...  [0.081368s]
Searching alignments...  [0.046892s]
Processing query chunk 0, reference chunk 4, shape 1, index chunk 3.
Building reference index...  [1.46972s]
Building query index...  [0.127189s]
Building seed filter...  [0.082468s]
Searching alignments...  [0.048706s]
Deallocating buffers...  [0.008032s]
Opening temporary output file...  [0.001059s]
Computing alignments...  [20.7513s]
Deallocating reference...  [0.005276s]
Loading reference sequences...  [3.1e-05s]
Deallocating buffers...  [0.000113s]
Joining output blocks...  [0.084999s]
Deallocating queries...  [0.009767s]
Loading query sequences...  [0.69542s]
Masking queries...  [1.23932s]
Building query seed set...  [6e-06s]
Building query histograms...  [0.023364s]
Allocating buffers...  [0.000118s]
Loading reference sequences...  [2.7872s]
Building reference histograms...  [1.27975s]
Allocating buffers...  [0.00049s]
Initializing temporary storage...  [0.04824s]
Processing query chunk 1, reference chunk 0, shape 0, index chunk 0.
Building reference index...  [1.98613s]
Building query index...  [0.020198s]
Building seed filter...  [0.100424s]
Searching alignments...  [0.059389s]
Processing query chunk 1, reference chunk 0, shape 0, index chunk 1.
Building reference index...  [2.23759s]
Building query index...  [0.011696s]
Building seed filter...  [0.10203s]
Searching alignments...  [0.059291s]
Processing query chunk 1, reference chunk 0, shape 0, index chunk 2.
Building reference index...  [2.34151s]
Building query index...  [0.020376s]
Building seed filter...  [0.110765s]
Searching alignments...  [0.057208s]
Processing query chunk 1, reference chunk 0, shape 0, index chunk 3.
Building reference index...  [1.98289s]
Building query index...  [0.013991s]
Building seed filter...  [0.103328s]
Searching alignments...  [0.062792s]
Processing query chunk 1, reference chunk 0, shape 1, index chunk 0.
Building reference index...  [1.95108s]
Building query index...  [0.019163s]
Building seed filter...  [0.102647s]
Searching alignments...  [0.054303s]
Processing query chunk 1, reference chunk 0, shape 1, index chunk 1.
Building reference index...  [2.20958s]
Building query index...  [0.011274s]
Building seed filter...  [0.102052s]
Searching alignments...  [0.053391s]
Processing query chunk 1, reference chunk 0, shape 1, index chunk 2.
Building reference index...  [2.3046s]
Building query index...  [0.011358s]
Building seed filter...  [0.103672s]
Searching alignments...  [0.061518s]
Processing query chunk 1, reference chunk 0, shape 1, index chunk 3.
Building reference index...  [1.93452s]
Building query index...  [0.011323s]
Building seed filter...  [0.101243s]
Searching alignments...  [0.061166s]
Deallocating buffers...  [0.010621s]
Opening temporary output file...  [0.000329s]
Computing alignments...  [1.62576s]
Deallocating reference...  [0.006695s]
Loading reference sequences...  [2.97105s]
Building reference histograms...  [1.13334s]
Allocating buffers...  [0.000509s]
Initializing temporary storage...  [0.048656s]
Processing query chunk 1, reference chunk 1, shape 0, index chunk 0.
Building reference index...  [2.00182s]
Building query index...  [0.020313s]
Building seed filter...  [0.102484s]
Searching alignments...  [0.060986s]
Processing query chunk 1, reference chunk 1, shape 0, index chunk 1.
Building reference index...  [2.20706s]
Building query index...  [0.011664s]
Building seed filter...  [0.104671s]
Searching alignments...  [0.06004s]
Processing query chunk 1, reference chunk 1, shape 0, index chunk 2.
Building reference index...  [2.30372s]
Building query index...  [0.020362s]
Building seed filter...  [0.113223s]
Searching alignments...  [0.058553s]
Processing query chunk 1, reference chunk 1, shape 0, index chunk 3.
Building reference index...  [1.95037s]
Building query index...  [0.014737s]
Building seed filter...  [0.107298s]
Searching alignments...  [0.056295s]
Processing query chunk 1, reference chunk 1, shape 1, index chunk 0.
Building reference index...  [1.91314s]
Building query index...  [0.018209s]
Building seed filter...  [0.106152s]
Searching alignments...  [0.055486s]
Processing query chunk 1, reference chunk 1, shape 1, index chunk 1.
Building reference index...  [2.19319s]
Building query index...  [0.015155s]
Building seed filter...  [0.104388s]
Searching alignments...  [0.05524s]
Processing query chunk 1, reference chunk 1, shape 1, index chunk 2.
Building reference index...  [2.26891s]
Building query index...  [0.014158s]
Building seed filter...  [0.10528s]
Searching alignments...  [0.055299s]
Processing query chunk 1, reference chunk 1, shape 1, index chunk 3.
Building reference index...  [1.91917s]
Building query index...  [0.011263s]
Building seed filter...  [0.102952s]
Searching alignments...  [0.058982s]
Deallocating buffers...  [0.010126s]
Opening temporary output file...  [0.000333s]
Computing alignments...  [1.55893s]
Deallocating reference...  [0.006803s]
Loading reference sequences...  [2.89463s]
Building reference histograms...  [1.13232s]
Allocating buffers...  [0.000497s]
Initializing temporary storage...  [0.06299s]
Processing query chunk 1, reference chunk 2, shape 0, index chunk 0.
Building reference index...  [1.98002s]
Building query index...  [0.017605s]
Building seed filter...  [0.106781s]
Searching alignments...  [0.063559s]
Processing query chunk 1, reference chunk 2, shape 0, index chunk 1.
Building reference index...  [2.22465s]
Building query index...  [0.011702s]
Building seed filter...  [0.113447s]
Searching alignments...  [0.063042s]
Processing query chunk 1, reference chunk 2, shape 0, index chunk 2.
Building reference index...  [2.31231s]
Building query index...  [0.020257s]
Building seed filter...  [0.114778s]
Searching alignments...  [0.062924s]
Processing query chunk 1, reference chunk 2, shape 0, index chunk 3.
Building reference index...  [1.97902s]
Building query index...  [0.011438s]
Building seed filter...  [0.109466s]
Searching alignments...  [0.059807s]
Processing query chunk 1, reference chunk 2, shape 1, index chunk 0.
Building reference index...  [1.9281s]
Building query index...  [0.019531s]
Building seed filter...  [0.10912s]
Searching alignments...  [0.057925s]
Processing query chunk 1, reference chunk 2, shape 1, index chunk 1.
Building reference index...  [2.19123s]
Building query index...  [0.011515s]
Building seed filter...  [0.107954s]
Searching alignments...  [0.065044s]
Processing query chunk 1, reference chunk 2, shape 1, index chunk 2.
Building reference index...  [2.28649s]
Building query index...  [0.013652s]
Building seed filter...  [0.109111s]
Searching alignments...  [0.071644s]
Processing query chunk 1, reference chunk 2, shape 1, index chunk 3.
Building reference index...  [1.96052s]
Building query index...  [0.019462s]
Building seed filter...  [0.106937s]
Searching alignments...  [0.059128s]
Deallocating buffers...  [0.010173s]
Opening temporary output file...  [0.000563s]
Computing alignments...  [1.61798s]
Deallocating reference...  [0.006163s]
Loading reference sequences...  [2.84963s]
Building reference histograms...  [1.19954s]
Allocating buffers...  [0.000519s]
Initializing temporary storage...  [0.058213s]
Processing query chunk 1, reference chunk 3, shape 0, index chunk 0.
Building reference index...  [1.9743s]
Building query index...  [0.019936s]
Building seed filter...  [0.105413s]
Searching alignments...  [0.062585s]
Processing query chunk 1, reference chunk 3, shape 0, index chunk 1.
Building reference index...  [2.32128s]
Building query index...  [0.020325s]
Building seed filter...  [0.113044s]
Searching alignments...  [0.063567s]
Processing query chunk 1, reference chunk 3, shape 0, index chunk 2.
Building reference index...  [2.30645s]
Building query index...  [0.011808s]
Building seed filter...  [0.107379s]
Searching alignments...  [0.062509s]
Processing query chunk 1, reference chunk 3, shape 0, index chunk 3.
Building reference index...  [1.94868s]
Building query index...  [0.020214s]
Building seed filter...  [0.109046s]
Searching alignments...  [0.060358s]
Processing query chunk 1, reference chunk 3, shape 1, index chunk 0.
Building reference index...  [1.92509s]
Building query index...  [0.019577s]
Building seed filter...  [0.106541s]
Searching alignments...  [0.058066s]
Processing query chunk 1, reference chunk 3, shape 1, index chunk 1.
Building reference index...  [2.18991s]
Building query index...  [0.014435s]
Building seed filter...  [0.107576s]
Searching alignments...  [0.057932s]
Processing query chunk 1, reference chunk 3, shape 1, index chunk 2.
Building reference index...  [2.28187s]
Building query index...  [0.019668s]
Building seed filter...  [0.104963s]
Searching alignments...  [0.058899s]
Processing query chunk 1, reference chunk 3, shape 1, index chunk 3.
Building reference index...  [1.96435s]
Building query index...  [0.01943s]
Building seed filter...  [0.103975s]
Searching alignments...  [0.057834s]
Deallocating buffers...  [0.010376s]
Opening temporary output file...  [0.000502s]
Computing alignments...  [1.58996s]
Deallocating reference...  [0.007466s]
Loading reference sequences...  [2.24109s]
Building reference histograms...  [0.897483s]
Allocating buffers...  [0.000513s]
Initializing temporary storage...  [0.066544s]
Processing query chunk 1, reference chunk 4, shape 0, index chunk 0.
Building reference index...  [1.51167s]
Building query index...  [0.01231s]
Building seed filter...  [0.083121s]
Searching alignments...  [0.044461s]
Processing query chunk 1, reference chunk 4, shape 0, index chunk 1.
Building reference index...  [1.69972s]
Building query index...  [0.011764s]
Building seed filter...  [0.082689s]
Searching alignments...  [0.045151s]
Processing query chunk 1, reference chunk 4, shape 0, index chunk 2.
Building reference index...  [1.76892s]
Building query index...  [0.020949s]
Building seed filter...  [0.082743s]
Searching alignments...  [0.04601s]
Processing query chunk 1, reference chunk 4, shape 0, index chunk 3.
Building reference index...  [1.48721s]
Building query index...  [0.02057s]
Building seed filter...  [0.083588s]
Searching alignments...  [0.045098s]
Processing query chunk 1, reference chunk 4, shape 1, index chunk 0.
Building reference index...  [1.49792s]
Building query index...  [0.011665s]
Building seed filter...  [0.081708s]
Searching alignments...  [0.044135s]
Processing query chunk 1, reference chunk 4, shape 1, index chunk 1.
Building reference index...  [1.67465s]
Building query index...  [0.019666s]
Building seed filter...  [0.081738s]
Searching alignments...  [0.044331s]
Processing query chunk 1, reference chunk 4, shape 1, index chunk 2.
Building reference index...  [1.74057s]
Building query index...  [0.011271s]
Building seed filter...  [0.083283s]
Searching alignments...  [0.044284s]
Processing query chunk 1, reference chunk 4, shape 1, index chunk 3.
Building reference index...  [1.50761s]
Building query index...  [0.019238s]
Building seed filter...  [0.082288s]
Searching alignments...  [0.051592s]
Deallocating buffers...  [0.007886s]
Opening temporary output file...  [0.001204s]
Computing alignments...  [1.60957s]
Deallocating reference...  [0.004846s]
Loading reference sequences...  [7.4e-05s]
Deallocating buffers...  [8.9e-05s]
Joining output blocks...  [0.008143s]
Deallocating queries...  [0.003784s]
Loading query sequences...  [2e-05s]
Closing the input file...  [1.5e-05s]
Closing the output file...  [1e-05s]
Closing the database file...  [1.7e-05s]
Deallocating taxonomy...  [5e-06s]
Total time = 495.829s
Reported 0 pairwise alignments, 0 HSPs.
0 queries aligned.
diamond v0.9.24.125 | by Benjamin Buchfink <buchfink@gmail.com>
Licensed under the GNU GPL <https://www.gnu.org/licenses/gpl.txt>
Check http://github.com/bbuchfink/diamond for updates.

#CPU threads: 36
Scoring parameters: (Matrix=BLOSUM62 Lambda=0.267 K=0.041 Penalties=11/1)
Temporary directory: 
Opening the database...  [5.6e-05s]
#Target sequences to report alignments for: 25
Opening the input file...  [0.025724s]
Opening the output file...  [0.000226s]
Loading query sequences...  [10.4872s]
Masking queries...  [17.3275s]
Building query seed set...  [1.57042s]
Algorithm: Double-indexed
Building query histograms...  [0.280322s]
Allocating buffers...  [0.000274s]
Loading reference sequences...  [2.86773s]
Building reference histograms...  [1.13471s]
Allocating buffers...  [0.000104s]
Initializing temporary storage...  [0.063732s]
Processing query chunk 0, reference chunk 0, shape 0, index chunk 0.
Building reference index...  [1.99136s]
Building query index...  [0.133941s]
Building seed filter...  [0.101534s]
Searching alignments...  [0.071038s]
Processing query chunk 0, reference chunk 0, shape 0, index chunk 1.
Building reference index...  [2.23879s]
Building query index...  [0.197363s]
Building seed filter...  [0.103652s]
Searching alignments...  [0.069919s]
Processing query chunk 0, reference chunk 0, shape 0, index chunk 2.
Building reference index...  [2.3194s]
Building query index...  [0.136383s]
Building seed filter...  [0.101724s]
Searching alignments...  [0.067255s]
Processing query chunk 0, reference chunk 0, shape 0, index chunk 3.
Building reference index...  [1.96518s]
Building query index...  [0.134338s]
Building seed filter...  [0.106921s]
Searching alignments...  [0.067552s]
Processing query chunk 0, reference chunk 0, shape 1, index chunk 0.
Building reference index...  [1.94142s]
Building query index...  [0.173916s]
Building seed filter...  [0.106926s]
Searching alignments...  [0.057271s]
Processing query chunk 0, reference chunk 0, shape 1, index chunk 1.
Building reference index...  [2.20938s]
Building query index...  [0.128458s]
Building seed filter...  [0.103575s]
Searching alignments...  [0.057608s]
Processing query chunk 0, reference chunk 0, shape 1, index chunk 2.
Building reference index...  [2.36079s]
Building query index...  [0.125485s]
Building seed filter...  [0.104984s]
Searching alignments...  [0.058516s]
Processing query chunk 0, reference chunk 0, shape 1, index chunk 3.
Building reference index...  [1.93616s]
Building query index...  [0.126066s]
Building seed filter...  [0.103406s]
Searching alignments...  [0.063257s]
Deallocating buffers...  [0.010458s]
Opening temporary output file...  [0.000309s]
Computing alignments...  [21.3712s]
Deallocating reference...  [0.006543s]
Loading reference sequences...  [2.92512s]
Building reference histograms...  [1.16546s]
Allocating buffers...  [9.8e-05s]
Initializing temporary storage...  [0.05234s]
Processing query chunk 0, reference chunk 1, shape 0, index chunk 0.
Building reference index...  [1.96587s]
Building query index...  [0.144586s]
Building seed filter...  [0.10266s]
Searching alignments...  [0.07177s]
Processing query chunk 0, reference chunk 1, shape 0, index chunk 1.
Building reference index...  [2.21175s]
Building query index...  [0.135414s]
Building seed filter...  [0.11332s]
Searching alignments...  [0.065071s]
Processing query chunk 0, reference chunk 1, shape 0, index chunk 2.
Building reference index...  [2.33669s]
Building query index...  [0.138937s]
Building seed filter...  [0.106302s]
Searching alignments...  [0.069056s]
Processing query chunk 0, reference chunk 1, shape 0, index chunk 3.
Building reference index...  [1.94032s]
Building query index...  [0.131595s]
Building seed filter...  [0.105488s]
Searching alignments...  [0.076878s]
Processing query chunk 0, reference chunk 1, shape 1, index chunk 0.
Building reference index...  [1.91933s]
Building query index...  [0.168431s]
Building seed filter...  [0.10542s]
Searching alignments...  [0.058066s]
Processing query chunk 0, reference chunk 1, shape 1, index chunk 1.
Building reference index...  [2.19406s]
Building query index...  [0.125306s]
Building seed filter...  [0.105581s]
Searching alignments...  [0.060357s]
Processing query chunk 0, reference chunk 1, shape 1, index chunk 2.
Building reference index...  [2.27122s]
Building query index...  [0.134982s]
Building seed filter...  [0.103298s]
Searching alignments...  [0.062789s]
Processing query chunk 0, reference chunk 1, shape 1, index chunk 3.
Building reference index...  [1.91716s]
Building query index...  [0.137553s]
Building seed filter...  [0.102575s]
Searching alignments...  [0.060207s]
Deallocating buffers...  [0.010493s]
Opening temporary output file...  [0.000331s]
Computing alignments...  [21.1046s]
Deallocating reference...  [0.006749s]
Loading reference sequences...  [2.88352s]
Building reference histograms...  [1.1131s]
Allocating buffers...  [0.000484s]
Initializing temporary storage...  [0.050351s]
Processing query chunk 0, reference chunk 2, shape 0, index chunk 0.
Building reference index...  [1.98056s]
Building query index...  [0.168584s]
Building seed filter...  [0.106657s]
Searching alignments...  [0.070036s]
Processing query chunk 0, reference chunk 2, shape 0, index chunk 1.
Building reference index...  [2.21917s]
Building query index...  [0.139787s]
Building seed filter...  [0.107547s]
Searching alignments...  [0.070955s]
Processing query chunk 0, reference chunk 2, shape 0, index chunk 2.
Building reference index...  [2.30263s]
Building query index...  [0.139831s]
Building seed filter...  [0.111063s]
Searching alignments...  [0.070557s]
Processing query chunk 0, reference chunk 2, shape 0, index chunk 3.
Building reference index...  [1.95121s]
Building query index...  [0.13261s]
Building seed filter...  [0.115813s]
Searching alignments...  [0.074014s]
Processing query chunk 0, reference chunk 2, shape 1, index chunk 0.
Building reference index...  [1.93186s]
Building query index...  [0.127535s]
Building seed filter...  [0.109197s]
Searching alignments...  [0.061236s]
Processing query chunk 0, reference chunk 2, shape 1, index chunk 1.
Building reference index...  [2.1978s]
Building query index...  [0.168237s]
Building seed filter...  [0.109205s]
Searching alignments...  [0.062463s]
Processing query chunk 0, reference chunk 2, shape 1, index chunk 2.
Building reference index...  [2.28234s]
Building query index...  [0.160539s]
Building seed filter...  [0.108309s]
Searching alignments...  [0.06257s]
Processing query chunk 0, reference chunk 2, shape 1, index chunk 3.
Building reference index...  [1.9235s]
Building query index...  [0.12607s]
Building seed filter...  [0.107702s]
Searching alignments...  [0.066147s]
Deallocating buffers...  [0.010432s]
Opening temporary output file...  [0.000342s]
Computing alignments...  [21.7795s]
Deallocating reference...  [0.006325s]
Loading reference sequences...  [2.91645s]
Building reference histograms...  [1.18021s]
Allocating buffers...  [9.9e-05s]
Initializing temporary storage...  [0.059314s]
Processing query chunk 0, reference chunk 3, shape 0, index chunk 0.
Building reference index...  [1.98133s]
Building query index...  [0.141318s]
Building seed filter...  [0.104948s]
Searching alignments...  [0.070255s]
Processing query chunk 0, reference chunk 3, shape 0, index chunk 1.
Building reference index...  [2.21949s]
Building query index...  [0.132711s]
Building seed filter...  [0.105323s]
Searching alignments...  [0.069295s]
Processing query chunk 0, reference chunk 3, shape 0, index chunk 2.
Building reference index...  [2.30965s]
Building query index...  [0.134229s]
Building seed filter...  [0.113664s]
Searching alignments...  [0.06981s]
Processing query chunk 0, reference chunk 3, shape 0, index chunk 3.
Building reference index...  [1.94696s]
Building query index...  [0.131645s]
Building seed filter...  [0.116452s]
Searching alignments...  [0.070088s]
Processing query chunk 0, reference chunk 3, shape 1, index chunk 0.
Building reference index...  [1.92304s]
Building query index...  [0.160101s]
Building seed filter...  [0.11929s]
Searching alignments...  [0.060887s]
Processing query chunk 0, reference chunk 3, shape 1, index chunk 1.
Building reference index...  [2.19795s]
Building query index...  [0.124591s]
Building seed filter...  [0.107534s]
Searching alignments...  [0.088067s]
Processing query chunk 0, reference chunk 3, shape 1, index chunk 2.
Building reference index...  [2.28219s]
Building query index...  [0.194777s]
Building seed filter...  [0.107994s]
Searching alignments...  [0.062244s]
Processing query chunk 0, reference chunk 3, shape 1, index chunk 3.
Building reference index...  [1.93979s]
Building query index...  [0.136026s]
Building seed filter...  [0.106549s]
Searching alignments...  [0.062796s]
Deallocating buffers...  [0.010214s]
Opening temporary output file...  [0.000558s]
Computing alignments...  [21.7836s]
Deallocating reference...  [0.007173s]
Loading reference sequences...  [2.27214s]
Building reference histograms...  [0.915135s]
Allocating buffers...  [0.000487s]
Initializing temporary storage...  [0.06121s]
Processing query chunk 0, reference chunk 4, shape 0, index chunk 0.
Building reference index...  [1.50813s]
Building query index...  [0.158577s]
Building seed filter...  [0.083572s]
Searching alignments...  [0.052516s]
Processing query chunk 0, reference chunk 4, shape 0, index chunk 1.
Building reference index...  [1.70685s]
Building query index...  [0.133844s]
Building seed filter...  [0.085115s]
Searching alignments...  [0.056378s]
Processing query chunk 0, reference chunk 4, shape 0, index chunk 2.
Building reference index...  [1.76462s]
Building query index...  [0.136373s]
Building seed filter...  [0.083622s]
Searching alignments...  [0.059481s]
Processing query chunk 0, reference chunk 4, shape 0, index chunk 3.
Building reference index...  [1.48455s]
Building query index...  [0.145497s]
Building seed filter...  [0.0824s]
Searching alignments...  [0.05341s]
Processing query chunk 0, reference chunk 4, shape 1, index chunk 0.
Building reference index...  [1.48281s]
Building query index...  [0.128262s]
Building seed filter...  [0.081758s]
Searching alignments...  [0.046598s]
Processing query chunk 0, reference chunk 4, shape 1, index chunk 1.
Building reference index...  [1.6853s]
Building query index...  [0.13646s]
Building seed filter...  [0.081736s]
Searching alignments...  [0.054599s]
Processing query chunk 0, reference chunk 4, shape 1, index chunk 2.
Building reference index...  [1.7546s]
Building query index...  [0.125131s]
Building seed filter...  [0.084051s]
Searching alignments...  [0.049483s]
Processing query chunk 0, reference chunk 4, shape 1, index chunk 3.
Building reference index...  [1.47247s]
Building query index...  [0.135646s]
Building seed filter...  [0.083315s]
Searching alignments...  [0.052137s]
Deallocating buffers...  [0.00805s]
Opening temporary output file...  [0.00091s]
Computing alignments...  [21.1343s]
Deallocating reference...  [0.005713s]
Loading reference sequences...  [9.4e-05s]
Deallocating buffers...  [0.000128s]
Joining output blocks...  [0.09114s]
Deallocating queries...  [0.009947s]
Loading query sequences...  [7.78091s]
Masking queries...  [13.0912s]
Building query seed set...  [1.1e-05s]
Building query histograms...  [0.196168s]
Allocating buffers...  [0.000272s]
Loading reference sequences...  [2.90942s]
Building reference histograms...  [1.22849s]
Allocating buffers...  [0.000485s]
Initializing temporary storage...  [0.06064s]
Processing query chunk 1, reference chunk 0, shape 0, index chunk 0.
Building reference index...  [1.99544s]
Building query index...  [0.102359s]
Building seed filter...  [0.100888s]
Searching alignments...  [0.067896s]
Processing query chunk 1, reference chunk 0, shape 0, index chunk 1.
Building reference index...  [2.23374s]
Building query index...  [0.102595s]
Building seed filter...  [0.100813s]
Searching alignments...  [0.067622s]
Processing query chunk 1, reference chunk 0, shape 0, index chunk 2.
Building reference index...  [2.31879s]
Building query index...  [0.106732s]
Building seed filter...  [0.100867s]
Searching alignments...  [0.065484s]
Processing query chunk 1, reference chunk 0, shape 0, index chunk 3.
Building reference index...  [1.96082s]
Building query index...  [0.105235s]
Building seed filter...  [0.100474s]
Searching alignments...  [0.07142s]
Processing query chunk 1, reference chunk 0, shape 1, index chunk 0.
Building reference index...  [1.93488s]
Building query index...  [0.097882s]
Building seed filter...  [0.099758s]
Searching alignments...  [0.056166s]
Processing query chunk 1, reference chunk 0, shape 1, index chunk 1.
Building reference index...  [2.21192s]
Building query index...  [0.09637s]
Building seed filter...  [0.108742s]
Searching alignments...  [0.056964s]
Processing query chunk 1, reference chunk 0, shape 1, index chunk 2.
Building reference index...  [2.29743s]
Building query index...  [0.117616s]
Building seed filter...  [0.122337s]
Searching alignments...  [0.062394s]
Processing query chunk 1, reference chunk 0, shape 1, index chunk 3.
Building reference index...  [1.93951s]
Building query index...  [0.097081s]
Building seed filter...  [0.102959s]
Searching alignments...  [0.065035s]
Deallocating buffers...  [0.010636s]
Opening temporary output file...  [0.000439s]
Computing alignments...  [15.933s]
Deallocating reference...  [0.006633s]
Loading reference sequences...  [2.95666s]
Building reference histograms...  [1.11622s]
Allocating buffers...  [0.000514s]
Initializing temporary storage...  [0.050236s]
Processing query chunk 1, reference chunk 1, shape 0, index chunk 0.
Building reference index...  [1.96716s]
Building query index...  [0.116996s]
Building seed filter...  [0.103816s]
Searching alignments...  [0.069136s]
Processing query chunk 1, reference chunk 1, shape 0, index chunk 1.
Building reference index...  [2.2066s]
Building query index...  [0.124151s]
Building seed filter...  [0.104532s]
Searching alignments...  [0.068488s]
Processing query chunk 1, reference chunk 1, shape 0, index chunk 2.
Building reference index...  [2.29249s]
Building query index...  [0.110144s]
Building seed filter...  [0.104326s]
Searching alignments...  [0.067493s]
Processing query chunk 1, reference chunk 1, shape 0, index chunk 3.
Building reference index...  [1.94306s]
Building query index...  [0.108603s]
Building seed filter...  [0.103829s]
Searching alignments...  [0.071519s]
Processing query chunk 1, reference chunk 1, shape 1, index chunk 0.
Building reference index...  [1.91628s]
Building query index...  [0.10223s]
Building seed filter...  [0.102648s]
Searching alignments...  [0.057622s]
Processing query chunk 1, reference chunk 1, shape 1, index chunk 1.
Building reference index...  [2.18916s]
Building query index...  [0.0988s]
Building seed filter...  [0.111929s]
Searching alignments...  [0.058531s]
Processing query chunk 1, reference chunk 1, shape 1, index chunk 2.
Building reference index...  [2.27404s]
Building query index...  [0.133109s]
Building seed filter...  [0.130075s]
Searching alignments...  [0.059969s]
Processing query chunk 1, reference chunk 1, shape 1, index chunk 3.
Building reference index...  [1.9278s]
Building query index...  [0.101723s]
Building seed filter...  [0.104244s]
Searching alignments...  [0.064297s]
Deallocating buffers...  [0.010178s]
Opening temporary output file...  [0.000511s]
Computing alignments...  [16.2293s]
Deallocating reference...  [0.006728s]
Loading reference sequences...  [2.89981s]
Building reference histograms...  [1.22942s]
Allocating buffers...  [0.0001s]
Initializing temporary storage...  [0.050396s]
Processing query chunk 1, reference chunk 2, shape 0, index chunk 0.
Building reference index...  [1.98075s]
Building query index...  [0.108339s]
Building seed filter...  [0.107304s]
Searching alignments...  [0.072554s]
Processing query chunk 1, reference chunk 2, shape 0, index chunk 1.
Building reference index...  [2.22666s]
Building query index...  [0.110218s]
Building seed filter...  [0.107807s]
Searching alignments...  [0.069327s]
Processing query chunk 1, reference chunk 2, shape 0, index chunk 2.
Building reference index...  [2.29646s]
Building query index...  [0.124765s]
Building seed filter...  [0.106929s]
Searching alignments...  [0.068521s]
Processing query chunk 1, reference chunk 2, shape 0, index chunk 3.
Building reference index...  [1.94857s]
Building query index...  [0.099314s]
Building seed filter...  [0.10727s]
Searching alignments...  [0.068355s]
Processing query chunk 1, reference chunk 2, shape 1, index chunk 0.
Building reference index...  [1.97008s]
Building query index...  [0.096932s]
Building seed filter...  [0.115668s]
Searching alignments...  [0.060631s]
Processing query chunk 1, reference chunk 2, shape 1, index chunk 1.
Building reference index...  [2.19617s]
Building query index...  [0.096789s]
Building seed filter...  [0.108185s]
Searching alignments...  [0.061033s]
Processing query chunk 1, reference chunk 2, shape 1, index chunk 2.
Building reference index...  [2.28614s]
Building query index...  [0.097748s]
Building seed filter...  [0.109563s]
Searching alignments...  [0.061264s]
Processing query chunk 1, reference chunk 2, shape 1, index chunk 3.
Building reference index...  [1.96248s]
Building query index...  [0.094611s]
Building seed filter...  [0.109214s]
Searching alignments...  [0.060776s]
Deallocating buffers...  [0.010592s]
Opening temporary output file...  [0.000513s]
Computing alignments...  [16.3507s]
Deallocating reference...  [0.006772s]
Loading reference sequences...  [2.92403s]
Building reference histograms...  [1.05701s]
Allocating buffers...  [9.4e-05s]
Initializing temporary storage...  [0.062125s]
Processing query chunk 1, reference chunk 3, shape 0, index chunk 0.
Building reference index...  [1.9785s]
Building query index...  [0.118971s]
Building seed filter...  [0.114074s]
Searching alignments...  [0.065658s]
Processing query chunk 1, reference chunk 3, shape 0, index chunk 1.
Building reference index...  [2.22198s]
Building query index...  [0.10179s]
Building seed filter...  [0.107502s]
Searching alignments...  [0.066579s]
Processing query chunk 1, reference chunk 3, shape 0, index chunk 2.
Building reference index...  [2.30304s]
Building query index...  [0.100633s]
Building seed filter...  [0.10817s]
Searching alignments...  [0.065614s]
Processing query chunk 1, reference chunk 3, shape 0, index chunk 3.
Building reference index...  [1.9466s]
Building query index...  [0.099023s]
Building seed filter...  [0.106917s]
Searching alignments...  [0.067894s]
Processing query chunk 1, reference chunk 3, shape 1, index chunk 0.
Building reference index...  [1.92509s]
Building query index...  [0.122409s]
Building seed filter...  [0.106795s]
Searching alignments...  [0.05944s]
Processing query chunk 1, reference chunk 3, shape 1, index chunk 1.
Building reference index...  [2.20477s]
Building query index...  [0.106112s]
Building seed filter...  [0.103384s]
Searching alignments...  [0.060959s]
Processing query chunk 1, reference chunk 3, shape 1, index chunk 2.
Building reference index...  [2.28169s]
Building query index...  [0.099289s]
Building seed filter...  [0.104308s]
Searching alignments...  [0.061972s]
Processing query chunk 1, reference chunk 3, shape 1, index chunk 3.
Building reference index...  [1.92934s]
Building query index...  [0.128204s]
Building seed filter...  [0.103883s]
Searching alignments...  [0.063336s]
Deallocating buffers...  [0.010281s]
Opening temporary output file...  [0.00034s]
Computing alignments...  [16.6619s]
Deallocating reference...  [0.006654s]
Loading reference sequences...  [2.2644s]
Building reference histograms...  [0.876419s]
Allocating buffers...  [0.000515s]
Initializing temporary storage...  [0.061734s]
Processing query chunk 1, reference chunk 4, shape 0, index chunk 0.
Building reference index...  [1.50346s]
Building query index...  [0.109359s]
Building seed filter...  [0.083228s]
Searching alignments...  [0.050432s]
Processing query chunk 1, reference chunk 4, shape 0, index chunk 1.
Building reference index...  [1.69248s]
Building query index...  [0.103658s]
Building seed filter...  [0.084687s]
Searching alignments...  [0.053175s]
Processing query chunk 1, reference chunk 4, shape 0, index chunk 2.
Building reference index...  [1.75811s]
Building query index...  [0.105107s]
Building seed filter...  [0.084776s]
Searching alignments...  [0.052502s]
Processing query chunk 1, reference chunk 4, shape 0, index chunk 3.
Building reference index...  [1.484s]
Building query index...  [0.099229s]
Building seed filter...  [0.083377s]
Searching alignments...  [0.057899s]
Processing query chunk 1, reference chunk 4, shape 1, index chunk 0.
Building reference index...  [1.46632s]
Building query index...  [0.097547s]
Building seed filter...  [0.083765s]
Searching alignments...  [0.046903s]
Processing query chunk 1, reference chunk 4, shape 1, index chunk 1.
Building reference index...  [1.6742s]
Building query index...  [0.101972s]
Building seed filter...  [0.081635s]
Searching alignments...  [0.049449s]
Processing query chunk 1, reference chunk 4, shape 1, index chunk 2.
Building reference index...  [1.73647s]
Building query index...  [0.096912s]
Building seed filter...  [0.082462s]
Searching alignments...  [0.046283s]
Processing query chunk 1, reference chunk 4, shape 1, index chunk 3.
Building reference index...  [1.49072s]
Building query index...  [0.100539s]
Building seed filter...  [0.083815s]
Searching alignments...  [0.046554s]
Deallocating buffers...  [0.008009s]
Opening temporary output file...  [0.000369s]
Computing alignments...  [16.2159s]
Deallocating reference...  [0.00505s]
Loading reference sequences...  [7.8e-05s]
Deallocating buffers...  [9.7e-05s]
Joining output blocks...  [0.071183s]
Deallocating queries...  [0.008291s]
Loading query sequences...  [2.4e-05s]
Closing the input file...  [1.9e-05s]
Closing the output file...  [1e-05s]
Closing the database file...  [1.3e-05s]
Deallocating taxonomy...  [6e-06s]
Total time = 462.508s
Reported 0 pairwise alignments, 0 HSPs.
0 queries aligned.
diamond v0.9.24.125 | by Benjamin Buchfink <buchfink@gmail.com>
Licensed under the GNU GPL <https://www.gnu.org/licenses/gpl.txt>
Check http://github.com/bbuchfink/diamond for updates.

#CPU threads: 36
Scoring parameters: (Matrix=BLOSUM62 Lambda=0.267 K=0.041 Penalties=11/1)
Temporary directory: 
Opening the database...  [6.1e-05s]
#Target sequences to report alignments for: 25
Opening the input file...  [0.033585s]
Opening the output file...  [0.000117s]
Loading query sequences...  [10.3878s]
Masking queries...  [17.3321s]
Building query seed set...  [1.61925s]
Algorithm: Double-indexed
Building query histograms...  [0.259114s]
Allocating buffers...  [0.000273s]
Loading reference sequences...  [2.8997s]
Building reference histograms...  [1.13847s]
Allocating buffers...  [9.5e-05s]
Initializing temporary storage...  [0.051615s]
Processing query chunk 0, reference chunk 0, shape 0, index chunk 0.
Building reference index...  [2.03253s]
Building query index...  [0.143243s]
Building seed filter...  [0.10389s]
Searching alignments...  [0.065258s]
Processing query chunk 0, reference chunk 0, shape 0, index chunk 1.
Building reference index...  [2.23732s]
Building query index...  [0.138063s]
Building seed filter...  [0.104869s]
Searching alignments...  [0.066723s]
Processing query chunk 0, reference chunk 0, shape 0, index chunk 2.
Building reference index...  [2.32371s]
Building query index...  [0.136225s]
Building seed filter...  [0.104376s]
Searching alignments...  [0.069964s]
Processing query chunk 0, reference chunk 0, shape 0, index chunk 3.
Building reference index...  [1.96395s]
Building query index...  [0.146992s]
Building seed filter...  [0.103212s]
Searching alignments...  [0.068007s]
Processing query chunk 0, reference chunk 0, shape 1, index chunk 0.
Building reference index...  [1.94858s]
Building query index...  [0.169309s]
Building seed filter...  [0.10635s]
Searching alignments...  [0.063301s]
Processing query chunk 0, reference chunk 0, shape 1, index chunk 1.
Building reference index...  [2.2211s]
Building query index...  [0.128477s]
Building seed filter...  [0.11372s]
Searching alignments...  [0.058282s]
Processing query chunk 0, reference chunk 0, shape 1, index chunk 2.
Building reference index...  [2.33315s]
Building query index...  [0.146418s]
Building seed filter...  [0.104845s]
Searching alignments...  [0.058667s]
Processing query chunk 0, reference chunk 0, shape 1, index chunk 3.
Building reference index...  [1.95412s]
Building query index...  [0.124984s]
Building seed filter...  [0.104231s]
Searching alignments...  [0.057857s]
Deallocating buffers...  [0.0102s]
Opening temporary output file...  [0.000316s]
Computing alignments...  [21.1484s]
Deallocating reference...  [0.006723s]
Loading reference sequences...  [2.93902s]
Building reference histograms...  [1.14386s]
Allocating buffers...  [9.3e-05s]
Initializing temporary storage...  [0.059752s]
Processing query chunk 0, reference chunk 1, shape 0, index chunk 0.
Building reference index...  [1.96789s]
Building query index...  [0.141117s]
Building seed filter...  [0.102965s]
Searching alignments...  [0.071994s]
Processing query chunk 0, reference chunk 1, shape 0, index chunk 1.
Building reference index...  [2.21479s]
Building query index...  [0.137382s]
Building seed filter...  [0.103769s]
Searching alignments...  [0.069839s]
Processing query chunk 0, reference chunk 1, shape 0, index chunk 2.
Building reference index...  [2.29326s]
Building query index...  [0.141431s]
Building seed filter...  [0.103445s]
Searching alignments...  [0.068604s]
Processing query chunk 0, reference chunk 1, shape 0, index chunk 3.
Building reference index...  [1.94218s]
Building query index...  [0.132327s]
Building seed filter...  [0.112244s]
Searching alignments...  [0.077918s]
Processing query chunk 0, reference chunk 1, shape 1, index chunk 0.
Building reference index...  [1.9141s]
Building query index...  [0.132397s]
Building seed filter...  [0.106345s]
Searching alignments...  [0.058653s]
Processing query chunk 0, reference chunk 1, shape 1, index chunk 1.
Building reference index...  [2.19382s]
Building query index...  [0.127134s]
Building seed filter...  [0.104697s]
Searching alignments...  [0.058674s]
Processing query chunk 0, reference chunk 1, shape 1, index chunk 2.
Building reference index...  [2.2706s]
Building query index...  [0.125695s]
Building seed filter...  [0.105217s]
Searching alignments...  [0.071199s]
Processing query chunk 0, reference chunk 1, shape 1, index chunk 3.
Building reference index...  [1.91819s]
Building query index...  [0.12462s]
Building seed filter...  [0.103601s]
Searching alignments...  [0.063511s]
Deallocating buffers...  [0.01055s]
Opening temporary output file...  [0.000307s]
Computing alignments...  [22.0857s]
Deallocating reference...  [0.006668s]
Loading reference sequences...  [2.88902s]
Building reference histograms...  [1.10932s]
Allocating buffers...  [0.0001s]
Initializing temporary storage...  [0.058691s]
Processing query chunk 0, reference chunk 2, shape 0, index chunk 0.
Building reference index...  [1.98584s]
Building query index...  [0.148668s]
Building seed filter...  [0.107959s]
Searching alignments...  [0.074997s]
Processing query chunk 0, reference chunk 2, shape 0, index chunk 1.
Building reference index...  [2.2205s]
Building query index...  [0.134367s]
Building seed filter...  [0.110838s]
Searching alignments...  [0.073936s]
Processing query chunk 0, reference chunk 2, shape 0, index chunk 2.
Building reference index...  [2.30398s]
Building query index...  [0.133045s]
Building seed filter...  [0.116686s]
Searching alignments...  [0.070274s]
Processing query chunk 0, reference chunk 2, shape 0, index chunk 3.
Building reference index...  [1.95366s]
Building query index...  [0.131568s]
Building seed filter...  [0.109313s]
Searching alignments...  [0.071495s]
Processing query chunk 0, reference chunk 2, shape 1, index chunk 0.
Building reference index...  [1.92448s]
Building query index...  [0.161212s]
Building seed filter...  [0.109934s]
Searching alignments...  [0.064979s]
Processing query chunk 0, reference chunk 2, shape 1, index chunk 1.
Building reference index...  [2.2176s]
Building query index...  [0.127201s]
Building seed filter...  [0.111632s]
Searching alignments...  [0.063287s]
Processing query chunk 0, reference chunk 2, shape 1, index chunk 2.
Building reference index...  [2.28462s]
Building query index...  [0.153648s]
Building seed filter...  [0.108751s]
Searching alignments...  [0.061667s]
Processing query chunk 0, reference chunk 2, shape 1, index chunk 3.
Building reference index...  [1.96687s]
Building query index...  [0.124733s]
Building seed filter...  [0.108918s]
Searching alignments...  [0.068803s]
Deallocating buffers...  [0.01049s]
Opening temporary output file...  [0.000515s]
Computing alignments...  [21.4571s]
Deallocating reference...  [0.006961s]
Loading reference sequences...  [2.93428s]
Building reference histograms...  [1.10875s]
Allocating buffers...  [9.5e-05s]
Initializing temporary storage...  [0.049637s]
Processing query chunk 0, reference chunk 3, shape 0, index chunk 0.
Building reference index...  [1.97446s]
Building query index...  [0.155008s]
Building seed filter...  [0.105831s]
Searching alignments...  [0.074701s]
Processing query chunk 0, reference chunk 3, shape 0, index chunk 1.
Building reference index...  [2.23046s]
Building query index...  [0.134339s]
Building seed filter...  [0.105656s]
Searching alignments...  [0.073644s]
Processing query chunk 0, reference chunk 3, shape 0, index chunk 2.
Building reference index...  [2.29948s]
Building query index...  [0.136092s]
Building seed filter...  [0.107769s]
Searching alignments...  [0.072465s]
Processing query chunk 0, reference chunk 3, shape 0, index chunk 3.
Building reference index...  [1.94757s]
Building query index...  [0.15147s]
Building seed filter...  [0.109591s]
Searching alignments...  [0.075808s]
Processing query chunk 0, reference chunk 3, shape 1, index chunk 0.
Building reference index...  [1.93026s]
Building query index...  [0.131615s]
Building seed filter...  [0.11348s]
Searching alignments...  [0.061589s]
Processing query chunk 0, reference chunk 3, shape 1, index chunk 1.
Building reference index...  [2.18823s]
Building query index...  [0.132181s]
Building seed filter...  [0.107414s]
Searching alignments...  [0.061312s]
Processing query chunk 0, reference chunk 3, shape 1, index chunk 2.
Building reference index...  [2.28382s]
Building query index...  [0.134348s]
Building seed filter...  [0.108337s]
Searching alignments...  [0.061228s]
Processing query chunk 0, reference chunk 3, shape 1, index chunk 3.
Building reference index...  [1.93613s]
Building query index...  [0.126099s]
Building seed filter...  [0.107153s]
Searching alignments...  [0.060828s]
Deallocating buffers...  [0.010259s]
Opening temporary output file...  [0.000474s]
Computing alignments...  [21.494s]
Deallocating reference...  [0.008166s]
Loading reference sequences...  [2.29415s]
Building reference histograms...  [0.861462s]
Allocating buffers...  [0.000483s]
Initializing temporary storage...  [0.059939s]
Processing query chunk 0, reference chunk 4, shape 0, index chunk 0.
Building reference index...  [1.50438s]
Building query index...  [0.142317s]
Building seed filter...  [0.083959s]
Searching alignments...  [0.052309s]
Processing query chunk 0, reference chunk 4, shape 0, index chunk 1.
Building reference index...  [1.70951s]
Building query index...  [0.131534s]
Building seed filter...  [0.08371s]
Searching alignments...  [0.053323s]
Processing query chunk 0, reference chunk 4, shape 0, index chunk 2.
Building reference index...  [1.75556s]
Building query index...  [0.164832s]
Building seed filter...  [0.083837s]
Searching alignments...  [0.053329s]
Processing query chunk 0, reference chunk 4, shape 0, index chunk 3.
Building reference index...  [1.49696s]
Building query index...  [0.130932s]
Building seed filter...  [0.082438s]
Searching alignments...  [0.061417s]
Processing query chunk 0, reference chunk 4, shape 1, index chunk 0.
Building reference index...  [1.4671s]
Building query index...  [0.12828s]
Building seed filter...  [0.081572s]
Searching alignments...  [0.046394s]
Processing query chunk 0, reference chunk 4, shape 1, index chunk 1.
Building reference index...  [1.68048s]
Building query index...  [0.125974s]
Building seed filter...  [0.082406s]
Searching alignments...  [0.050016s]
Processing query chunk 0, reference chunk 4, shape 1, index chunk 2.
Building reference index...  [1.73675s]
Building query index...  [0.133954s]
Building seed filter...  [0.081766s]
Searching alignments...  [0.049345s]
Processing query chunk 0, reference chunk 4, shape 1, index chunk 3.
Building reference index...  [1.46488s]
Building query index...  [0.175884s]
Building seed filter...  [0.081816s]
Searching alignments...  [0.047711s]
Deallocating buffers...  [0.007996s]
Opening temporary output file...  [0.001037s]
Computing alignments...  [22.24s]
Deallocating reference...  [0.005636s]
Loading reference sequences...  [6.9e-05s]
Deallocating buffers...  [9.4e-05s]
Joining output blocks...  [0.100271s]
Deallocating queries...  [0.011281s]
Loading query sequences...  [3.39751s]
Masking queries...  [5.57613s]
Building query seed set...  [7e-06s]
Building query histograms...  [0.112987s]
Allocating buffers...  [0.000162s]
Loading reference sequences...  [2.94829s]
Building reference histograms...  [1.20664s]
Allocating buffers...  [0.000504s]
Initializing temporary storage...  [0.063484s]
Processing query chunk 1, reference chunk 0, shape 0, index chunk 0.
Building reference index...  [1.99487s]
Building query index...  [0.048304s]
Building seed filter...  [0.101217s]
Searching alignments...  [0.057953s]
Processing query chunk 1, reference chunk 0, shape 0, index chunk 1.
Building reference index...  [2.24361s]
Building query index...  [0.059196s]
Building seed filter...  [0.100823s]
Searching alignments...  [0.060412s]
Processing query chunk 1, reference chunk 0, shape 0, index chunk 2.
Building reference index...  [2.31194s]
Building query index...  [0.044248s]
Building seed filter...  [0.100537s]
Searching alignments...  [0.061703s]
Processing query chunk 1, reference chunk 0, shape 0, index chunk 3.
Building reference index...  [1.96693s]
Building query index...  [0.04475s]
Building seed filter...  [0.101199s]
Searching alignments...  [0.063607s]
Processing query chunk 1, reference chunk 0, shape 1, index chunk 0.
Building reference index...  [2.03309s]
Building query index...  [0.046046s]
Building seed filter...  [0.107116s]
Searching alignments...  [0.056656s]
Processing query chunk 1, reference chunk 0, shape 1, index chunk 1.
Building reference index...  [2.20844s]
Building query index...  [0.042082s]
Building seed filter...  [0.102463s]
Searching alignments...  [0.056136s]
Processing query chunk 1, reference chunk 0, shape 1, index chunk 2.
Building reference index...  [2.30517s]
Building query index...  [0.044268s]
Building seed filter...  [0.104338s]
Searching alignments...  [0.055327s]
Processing query chunk 1, reference chunk 0, shape 1, index chunk 3.
Building reference index...  [1.93976s]
Building query index...  [0.041795s]
Building seed filter...  [0.103691s]
Searching alignments...  [0.055611s]
Deallocating buffers...  [0.010651s]
Opening temporary output file...  [0.000313s]
Computing alignments...  [6.88034s]
Deallocating reference...  [0.006433s]
Loading reference sequences...  [2.99622s]
Building reference histograms...  [1.10939s]
Allocating buffers...  [0.000476s]
Initializing temporary storage...  [0.050161s]
Processing query chunk 1, reference chunk 1, shape 0, index chunk 0.
Building reference index...  [1.96935s]
Building query index...  [0.051942s]
Building seed filter...  [0.10378s]
Searching alignments...  [0.061306s]
Processing query chunk 1, reference chunk 1, shape 0, index chunk 1.
Building reference index...  [2.21196s]
Building query index...  [0.066689s]
Building seed filter...  [0.103716s]
Searching alignments...  [0.060836s]
Processing query chunk 1, reference chunk 1, shape 0, index chunk 2.
Building reference index...  [2.29063s]
Building query index...  [0.064756s]
Building seed filter...  [0.10945s]
Searching alignments...  [0.060039s]
Processing query chunk 1, reference chunk 1, shape 0, index chunk 3.
Building reference index...  [1.94395s]
Building query index...  [0.065972s]
Building seed filter...  [0.108254s]
Searching alignments...  [0.059355s]
Processing query chunk 1, reference chunk 1, shape 1, index chunk 0.
Building reference index...  [1.91438s]
Building query index...  [0.054594s]
Building seed filter...  [0.10433s]
Searching alignments...  [0.055996s]
Processing query chunk 1, reference chunk 1, shape 1, index chunk 1.
Building reference index...  [2.18576s]
Building query index...  [0.053736s]
Building seed filter...  [0.105278s]
Searching alignments...  [0.056176s]
Processing query chunk 1, reference chunk 1, shape 1, index chunk 2.
Building reference index...  [2.26914s]
Building query index...  [0.045875s]
Building seed filter...  [0.10511s]
Searching alignments...  [0.056733s]
Processing query chunk 1, reference chunk 1, shape 1, index chunk 3.
Building reference index...  [1.94365s]
Building query index...  [0.051199s]
Building seed filter...  [0.104787s]
Searching alignments...  [0.058042s]
Deallocating buffers...  [0.010444s]
Opening temporary output file...  [0.000443s]
Computing alignments...  [7.50116s]
Deallocating reference...  [0.006115s]
Loading reference sequences...  [2.94846s]
Building reference histograms...  [1.08766s]
Allocating buffers...  [0.000492s]
Initializing temporary storage...  [0.063057s]
Processing query chunk 1, reference chunk 2, shape 0, index chunk 0.
Building reference index...  [2.00919s]
Building query index...  [0.071505s]
Building seed filter...  [0.10913s]
Searching alignments...  [0.063009s]
Processing query chunk 1, reference chunk 2, shape 0, index chunk 1.
Building reference index...  [2.24441s]
Building query index...  [0.07139s]
Building seed filter...  [0.106463s]
Searching alignments...  [0.061941s]
Processing query chunk 1, reference chunk 2, shape 0, index chunk 2.
Building reference index...  [2.3121s]
Building query index...  [0.046514s]
Building seed filter...  [0.107402s]
Searching alignments...  [0.067222s]
Processing query chunk 1, reference chunk 2, shape 0, index chunk 3.
Building reference index...  [1.95768s]
Building query index...  [0.043562s]
Building seed filter...  [0.107988s]
Searching alignments...  [0.075819s]
Processing query chunk 1, reference chunk 2, shape 1, index chunk 0.
Building reference index...  [1.92564s]
Building query index...  [0.059104s]
Building seed filter...  [0.105409s]
Searching alignments...  [0.060873s]
Processing query chunk 1, reference chunk 2, shape 1, index chunk 1.
Building reference index...  [2.21934s]
Building query index...  [0.043107s]
Building seed filter...  [0.11451s]
Searching alignments...  [0.05888s]
Processing query chunk 1, reference chunk 2, shape 1, index chunk 2.
Building reference index...  [2.28603s]
Building query index...  [0.046027s]
Building seed filter...  [0.108254s]
Searching alignments...  [0.060893s]
Processing query chunk 1, reference chunk 2, shape 1, index chunk 3.
Building reference index...  [1.92773s]
Building query index...  [0.053457s]
Building seed filter...  [0.111329s]
Searching alignments...  [0.061709s]
Deallocating buffers...  [0.010098s]
Opening temporary output file...  [0.000409s]
Computing alignments...  [7.33502s]
Deallocating reference...  [0.006201s]
Loading reference sequences...  [2.96281s]
Building reference histograms...  [1.15308s]
Allocating buffers...  [0.00052s]
Initializing temporary storage...  [0.062231s]
Processing query chunk 1, reference chunk 3, shape 0, index chunk 0.
Building reference index...  [1.97863s]
Building query index...  [0.063287s]
Building seed filter...  [0.105201s]
Searching alignments...  [0.065861s]
Processing query chunk 1, reference chunk 3, shape 0, index chunk 1.
Building reference index...  [2.24499s]
Building query index...  [0.046935s]
Building seed filter...  [0.11447s]
Searching alignments...  [0.063219s]
Processing query chunk 1, reference chunk 3, shape 0, index chunk 2.
Building reference index...  [2.30686s]
Building query index...  [0.046728s]
Building seed filter...  [0.107592s]
Searching alignments...  [0.061327s]
Processing query chunk 1, reference chunk 3, shape 0, index chunk 3.
Building reference index...  [1.96842s]
Building query index...  [0.054009s]
Building seed filter...  [0.108112s]
Searching alignments...  [0.060702s]
Processing query chunk 1, reference chunk 3, shape 1, index chunk 0.
Building reference index...  [1.95423s]
Building query index...  [0.054215s]
Building seed filter...  [0.10668s]
Searching alignments...  [0.057802s]
Processing query chunk 1, reference chunk 3, shape 1, index chunk 1.
Building reference index...  [2.19226s]
Building query index...  [0.04209s]
Building seed filter...  [0.108139s]
Searching alignments...  [0.058875s]
Processing query chunk 1, reference chunk 3, shape 1, index chunk 2.
Building reference index...  [2.30493s]
Building query index...  [0.065144s]
Building seed filter...  [0.104911s]
Searching alignments...  [0.058333s]
Processing query chunk 1, reference chunk 3, shape 1, index chunk 3.
Building reference index...  [1.92208s]
Building query index...  [0.042578s]
Building seed filter...  [0.106471s]
Searching alignments...  [0.058246s]
Deallocating buffers...  [0.010253s]
Opening temporary output file...  [0.000398s]
Computing alignments...  [7.1743s]
Deallocating reference...  [0.007075s]
Loading reference sequences...  [2.18562s]
Building reference histograms...  [0.887927s]
Allocating buffers...  [0.000541s]
Initializing temporary storage...  [0.063939s]
Processing query chunk 1, reference chunk 4, shape 0, index chunk 0.
Building reference index...  [1.50732s]
Building query index...  [0.053563s]
Building seed filter...  [0.082592s]
Searching alignments...  [0.046979s]
Processing query chunk 1, reference chunk 4, shape 0, index chunk 1.
Building reference index...  [1.69209s]
Building query index...  [0.055314s]
Building seed filter...  [0.082928s]
Searching alignments...  [0.046773s]
Processing query chunk 1, reference chunk 4, shape 0, index chunk 2.
Building reference index...  [1.75944s]
Building query index...  [0.04661s]
Building seed filter...  [0.082387s]
Searching alignments...  [0.056226s]
Processing query chunk 1, reference chunk 4, shape 0, index chunk 3.
Building reference index...  [1.48297s]
Building query index...  [0.047473s]
Building seed filter...  [0.083306s]
Searching alignments...  [0.048944s]
Processing query chunk 1, reference chunk 4, shape 1, index chunk 0.
Building reference index...  [1.47631s]
Building query index...  [0.064355s]
Building seed filter...  [0.083117s]
Searching alignments...  [0.044935s]
Processing query chunk 1, reference chunk 4, shape 1, index chunk 1.
Building reference index...  [1.67598s]
Building query index...  [0.041987s]
Building seed filter...  [0.083238s]
Searching alignments...  [0.045463s]
Processing query chunk 1, reference chunk 4, shape 1, index chunk 2.
Building reference index...  [1.75314s]
Building query index...  [0.064274s]
Building seed filter...  [0.081882s]
Searching alignments...  [0.045985s]
Processing query chunk 1, reference chunk 4, shape 1, index chunk 3.
Building reference index...  [1.46886s]
Building query index...  [0.062967s]
Building seed filter...  [0.082767s]
Searching alignments...  [0.051185s]
Deallocating buffers...  [0.007893s]
Opening temporary output file...  [0.000388s]
Computing alignments...  [6.88467s]
Deallocating reference...  [0.005263s]
Loading reference sequences...  [6.2e-05s]
Deallocating buffers...  [6.8e-05s]
Joining output blocks...  [0.03077s]
Deallocating queries...  [0.005292s]
Loading query sequences...  [2.4e-05s]
Closing the input file...  [1.5e-05s]
Closing the output file...  [1e-05s]
Closing the database file...  [1e-05s]
Deallocating taxonomy...  [6e-06s]
Total time = 403.842s
Reported 0 pairwise alignments, 0 HSPs.
0 queries aligned.
