diamond v0.9.24.125 | by Benjamin Buchfink <buchfink@gmail.com>
Licensed under the GNU GPL <https://www.gnu.org/licenses/gpl.txt>
Check http://github.com/bbuchfink/diamond for updates.

#CPU threads: 36
Scoring parameters: (Matrix=BLOSUM62 Lambda=0.267 K=0.041 Penalties=11/1)
Temporary directory: 
Opening the database...  [0.024348s]
#Target sequences to report alignments for: 1
Opening the input file...  [0.041003s]
Opening the output file...  [0.00024s]
Loading query sequences...  [6.63286s]
Masking queries...  [9.30768s]
Building query seed set...  [0.051289s]
Algorithm: Double-indexed
Building query histograms...  [0.643972s]
Allocating buffers...  [0.000806s]
Loading reference sequences...  [35.0423s]
Building reference histograms...  [1.93426s]
Allocating buffers...  [0.000103s]
Initializing temporary storage...  [0.914373s]
Processing query chunk 0, reference chunk 0, shape 0, index chunk 0.
Building reference index...  [3.04876s]
Building query index...  [0.760983s]
Building seed filter...  [0.222396s]
Searching alignments...  [32.793s]
Processing query chunk 0, reference chunk 0, shape 0, index chunk 1.
Building reference index...  [3.62745s]
Building query index...  [0.874207s]
Building seed filter...  [0.230665s]
Searching alignments...  [27.544s]
Processing query chunk 0, reference chunk 0, shape 0, index chunk 2.
Building reference index...  [3.80702s]
Building query index...  [0.950153s]
Building seed filter...  [0.218993s]
Searching alignments...  [25.6595s]
Processing query chunk 0, reference chunk 0, shape 0, index chunk 3.
Building reference index...  [3.04678s]
Building query index...  [0.855108s]
Building seed filter...  [0.234218s]
Searching alignments...  [24.204s]
Processing query chunk 0, reference chunk 0, shape 1, index chunk 0.
Building reference index...  [3.01371s]
Building query index...  [0.778995s]
Building seed filter...  [0.233107s]
Searching alignments...  [19.3702s]
Processing query chunk 0, reference chunk 0, shape 1, index chunk 1.
Building reference index...  [3.55791s]
Building query index...  [0.803026s]
Building seed filter...  [0.22759s]
Searching alignments...  [18.2956s]
Processing query chunk 0, reference chunk 0, shape 1, index chunk 2.
Building reference index...  [3.707s]
Building query index...  [0.925873s]
Building seed filter...  [0.224217s]
Searching alignments...  [18.4901s]
Processing query chunk 0, reference chunk 0, shape 1, index chunk 3.
Building reference index...  [2.99617s]
Building query index...  [0.683317s]
Building seed filter...  [0.245514s]
Searching alignments...  [18.0027s]
Deallocating buffers...  [0.011093s]
Opening temporary output file...  [0.00393s]
Computing alignments...  [48.4747s]
Deallocating reference...  [0.008077s]
Loading reference sequences...  [4.09274s]
Building reference histograms...  [1.78784s]
Allocating buffers...  [0.000564s]
Initializing temporary storage...  [0.066994s]
Processing query chunk 0, reference chunk 1, shape 0, index chunk 0.
Building reference index...  [3.11652s]
Building query index...  [0.871045s]
Building seed filter...  [0.248385s]
Searching alignments...  [33.392s]
Processing query chunk 0, reference chunk 1, shape 0, index chunk 1.
Building reference index...  [3.66053s]
Building query index...  [0.938247s]
Building seed filter...  [0.228863s]
Searching alignments...  [28.0872s]
Processing query chunk 0, reference chunk 1, shape 0, index chunk 2.
Building reference index...  [3.72501s]
Building query index...  [0.940421s]
Building seed filter...  [0.236576s]
Searching alignments...  [26.4738s]
Processing query chunk 0, reference chunk 1, shape 0, index chunk 3.
Building reference index...  [3.08674s]
Building query index...  [0.816237s]
Building seed filter...  [0.238634s]
Searching alignments...  [24.6795s]
Processing query chunk 0, reference chunk 1, shape 1, index chunk 0.
Building reference index...  [3.27587s]
Building query index...  [0.711985s]
Building seed filter...  [0.26391s]
Searching alignments...  [19.856s]
Processing query chunk 0, reference chunk 1, shape 1, index chunk 1.
Building reference index...  [3.67471s]
Building query index...  [0.934664s]
Building seed filter...  [0.26603s]
Searching alignments...  [20.3253s]
Processing query chunk 0, reference chunk 1, shape 1, index chunk 2.
Building reference index...  [3.80663s]
Building query index...  [0.856567s]
Building seed filter...  [0.240831s]
Searching alignments...  [19.8208s]
Processing query chunk 0, reference chunk 1, shape 1, index chunk 3.
Building reference index...  [3.28216s]
Building query index...  [0.776757s]
Building seed filter...  [0.240644s]
Searching alignments...  [19.6977s]
Deallocating buffers...  [0.011102s]
Opening temporary output file...  [0.003186s]
Computing alignments...  [50.8102s]
Deallocating reference...  [0.007915s]
Loading reference sequences...  [4.40689s]
Building reference histograms...  [2.0851s]
Allocating buffers...  [0.000556s]
Initializing temporary storage...  [0.069781s]
Processing query chunk 0, reference chunk 2, shape 0, index chunk 0.
Building reference index...  [3.43108s]
Building query index...  [0.937143s]
Building seed filter...  [0.295077s]
Searching alignments...  [38.9218s]
Processing query chunk 0, reference chunk 2, shape 0, index chunk 1.
Building reference index...  [4.13887s]
Building query index...  [0.984712s]
Building seed filter...  [0.283364s]
Searching alignments...  [32.0057s]
Processing query chunk 0, reference chunk 2, shape 0, index chunk 2.
Building reference index...  [3.87477s]
Building query index...  [1.08206s]
Building seed filter...  [0.264048s]
Searching alignments...  [29.7822s]
Processing query chunk 0, reference chunk 2, shape 0, index chunk 3.
Building reference index...  [3.27436s]
Building query index...  [0.876536s]
Building seed filter...  [0.297902s]
Searching alignments...  [28.1496s]
Processing query chunk 0, reference chunk 2, shape 1, index chunk 0.
Building reference index...  [3.40398s]
Building query index...  [0.804568s]
Building seed filter...  [0.253068s]
Searching alignments...  [21.2242s]
Processing query chunk 0, reference chunk 2, shape 1, index chunk 1.
Building reference index...  [3.89685s]
Building query index...  [1.02603s]
Building seed filter...  [0.250469s]
Searching alignments...  [21.1492s]
Processing query chunk 0, reference chunk 2, shape 1, index chunk 2.
Building reference index...  [3.90597s]
Building query index...  [0.883009s]
Building seed filter...  [0.296419s]
Searching alignments...  [22.1959s]
Processing query chunk 0, reference chunk 2, shape 1, index chunk 3.
Building reference index...  [3.21477s]
Building query index...  [0.803492s]
Building seed filter...  [0.26552s]
Searching alignments...  [21.3169s]
Deallocating buffers...  [0.011034s]
Opening temporary output file...  [0.003141s]
Computing alignments...  [55.7579s]
Deallocating reference...  [0.007749s]
Loading reference sequences...  [3.71437s]
Building reference histograms...  [1.914s]
Allocating buffers...  [0.000539s]
Initializing temporary storage...  [0.067075s]
Processing query chunk 0, reference chunk 3, shape 0, index chunk 0.
Building reference index...  [3.28332s]
Building query index...  [0.933786s]
Building seed filter...  [0.303473s]
Searching alignments...  [37.1007s]
Processing query chunk 0, reference chunk 3, shape 0, index chunk 1.
Building reference index...  [3.76198s]
Building query index...  [0.93522s]
Building seed filter...  [0.301209s]
Searching alignments...  [30.5358s]
Processing query chunk 0, reference chunk 3, shape 0, index chunk 2.
Building reference index...  [4.03282s]
Building query index...  [1.0872s]
Building seed filter...  [0.25223s]
Searching alignments...  [28.4806s]
Processing query chunk 0, reference chunk 3, shape 0, index chunk 3.
Building reference index...  [3.37005s]
Building query index...  [0.870177s]
Building seed filter...  [0.27684s]
Searching alignments...  [26.8023s]
Processing query chunk 0, reference chunk 3, shape 1, index chunk 0.
Building reference index...  [3.36855s]
Building query index...  [0.818633s]
Building seed filter...  [0.269283s]
Searching alignments...  [21.1683s]
Processing query chunk 0, reference chunk 3, shape 1, index chunk 1.
Building reference index...  [3.77333s]
Building query index...  [0.891899s]
Building seed filter...  [0.275928s]
Searching alignments...  [20.642s]
Processing query chunk 0, reference chunk 3, shape 1, index chunk 2.
Building reference index...  [3.95508s]
Building query index...  [0.966453s]
Building seed filter...  [0.280666s]
Searching alignments...  [21.404s]
Processing query chunk 0, reference chunk 3, shape 1, index chunk 3.
Building reference index...  [3.52434s]
Building query index...  [0.848751s]
Building seed filter...  [0.242996s]
Searching alignments...  [20.0037s]
Deallocating buffers...  [0.011193s]
Opening temporary output file...  [0.002928s]
Computing alignments...  [57.5582s]
Deallocating reference...  [0.007834s]
Loading reference sequences...  [2.4725s]
Building reference histograms...  [1.57612s]
Allocating buffers...  [0.000515s]
Initializing temporary storage...  [0.070504s]
Processing query chunk 0, reference chunk 4, shape 0, index chunk 0.
Building reference index...  [2.58141s]
Building query index...  [0.978451s]
Building seed filter...  [0.256746s]
Searching alignments...  [31.412s]
Processing query chunk 0, reference chunk 4, shape 0, index chunk 1.
Building reference index...  [3.06267s]
Building query index...  [1.0062s]
Building seed filter...  [0.228472s]
Searching alignments...  [25.5128s]
Processing query chunk 0, reference chunk 4, shape 0, index chunk 2.
Building reference index...  [3.58513s]
Building query index...  [1.12088s]
Building seed filter...  [0.261086s]
Searching alignments...  [24.5769s]
Processing query chunk 0, reference chunk 4, shape 0, index chunk 3.
Building reference index...  [2.92135s]
Building query index...  [0.928952s]
Building seed filter...  [0.242098s]
Searching alignments...  [22.9565s]
Processing query chunk 0, reference chunk 4, shape 1, index chunk 0.
Building reference index...  [2.74643s]
Building query index...  [0.821196s]
Building seed filter...  [0.25056s]
Searching alignments...  [17.6742s]
Processing query chunk 0, reference chunk 4, shape 1, index chunk 1.
Building reference index...  [3.03254s]
Building query index...  [0.946226s]
Building seed filter...  [0.226416s]
Searching alignments...  [17.4065s]
Processing query chunk 0, reference chunk 4, shape 1, index chunk 2.
Building reference index...  [3.41365s]
Building query index...  [1.02323s]
Building seed filter...  [0.236495s]
Searching alignments...  [17.4199s]
Processing query chunk 0, reference chunk 4, shape 1, index chunk 3.
Building reference index...  [2.71615s]
Building query index...  [0.877131s]
Building seed filter...  [0.21407s]
Searching alignments...  [16.843s]
Deallocating buffers...  [0.008545s]
Opening temporary output file...  [0.003361s]
Computing alignments...  [47.6728s]
Deallocating reference...  [0.006149s]
Loading reference sequences...  [4.4e-05s]
Deallocating buffers...  [0.002702s]
Joining output blocks...  [22.1264s]
Deallocating queries...  [0.471167s]
Loading query sequences...  [3.7e-05s]
Closing the input file...  [3.7e-05s]
Closing the output file...  [0.000314s]
Closing the database file...  [1.3e-05s]
Deallocating taxonomy...  [5e-06s]
Total time = 1514.06s
Reported 3659882 pairwise alignments, 3659882 HSPs.
3659882 queries aligned.
diamond v0.9.24.125 | by Benjamin Buchfink <buchfink@gmail.com>
Licensed under the GNU GPL <https://www.gnu.org/licenses/gpl.txt>
Check http://github.com/bbuchfink/diamond for updates.

#CPU threads: 36
Scoring parameters: (Matrix=BLOSUM62 Lambda=0.267 K=0.041 Penalties=11/1)
Temporary directory: 
Opening the database...  [7e-05s]
#Target sequences to report alignments for: 1
Opening the input file...  [0.028884s]
Opening the output file...  [0.000295s]
Loading query sequences...  [10.7624s]
Masking queries...  [17.7476s]
Building query seed set...  [0.071482s]
Algorithm: Double-indexed
Building query histograms...  [0.986785s]
Allocating buffers...  [0.000997s]
Loading reference sequences...  [3.17892s]
Building reference histograms...  [2.04875s]
Allocating buffers...  [0.000121s]
Initializing temporary storage...  [0.059996s]
Processing query chunk 0, reference chunk 0, shape 0, index chunk 0.
Building reference index...  [3.33722s]
Building query index...  [1.33747s]
Building seed filter...  [0.314357s]
Searching alignments...  [59.6137s]
Processing query chunk 0, reference chunk 0, shape 0, index chunk 1.
Building reference index...  [3.96395s]
Building query index...  [1.45381s]
Building seed filter...  [0.313374s]
Searching alignments...  [47.3296s]
Processing query chunk 0, reference chunk 0, shape 0, index chunk 2.
Building reference index...  [4.43542s]
Building query index...  [1.73699s]
Building seed filter...  [0.277143s]
Searching alignments...  [43.1804s]
Processing query chunk 0, reference chunk 0, shape 0, index chunk 3.
Building reference index...  [3.6897s]
Building query index...  [1.43362s]
Building seed filter...  [0.287742s]
Searching alignments...  [40.839s]
Processing query chunk 0, reference chunk 0, shape 1, index chunk 0.
Building reference index...  [3.76833s]
Building query index...  [1.26075s]
Building seed filter...  [0.31364s]
Searching alignments...  [31.935s]
Processing query chunk 0, reference chunk 0, shape 1, index chunk 1.
Building reference index...  [3.80244s]
Building query index...  [1.43877s]
Building seed filter...  [0.29755s]
Searching alignments...  [31.6058s]
Processing query chunk 0, reference chunk 0, shape 1, index chunk 2.
Building reference index...  [4.1719s]
Building query index...  [1.39808s]
Building seed filter...  [0.339995s]
Searching alignments...  [32.5893s]
Processing query chunk 0, reference chunk 0, shape 1, index chunk 3.
Building reference index...  [3.5501s]
Building query index...  [1.33237s]
Building seed filter...  [0.322808s]
Searching alignments...  [31.2251s]
Deallocating buffers...  [0.011624s]
Opening temporary output file...  [0.004405s]
Computing alignments...  [116.215s]
Deallocating reference...  [0.008378s]
Loading reference sequences...  [3.42956s]
Building reference histograms...  [2.10601s]
Allocating buffers...  [0.00056s]
Initializing temporary storage...  [0.079792s]
Processing query chunk 0, reference chunk 1, shape 0, index chunk 0.
Building reference index...  [3.49291s]
Building query index...  [1.59003s]
Building seed filter...  [0.362061s]
Searching alignments...  [67.7929s]
Processing query chunk 0, reference chunk 1, shape 0, index chunk 1.
Building reference index...  [4.34329s]
Building query index...  [1.6558s]
Building seed filter...  [0.32772s]
Searching alignments...  [53.2824s]
Processing query chunk 0, reference chunk 1, shape 0, index chunk 2.
Building reference index...  [4.31703s]
Building query index...  [1.72505s]
Building seed filter...  [0.388342s]
Searching alignments...  [49.3657s]
Processing query chunk 0, reference chunk 1, shape 0, index chunk 3.
Building reference index...  [3.79896s]
Building query index...  [1.60797s]
Building seed filter...  [0.404743s]
Searching alignments...  [46.7666s]
Processing query chunk 0, reference chunk 1, shape 1, index chunk 0.
Building reference index...  [3.77876s]
Building query index...  [1.33526s]
Building seed filter...  [0.317568s]
Searching alignments...  [36.9804s]
Processing query chunk 0, reference chunk 1, shape 1, index chunk 1.
Building reference index...  [4.35093s]
Building query index...  [1.71463s]
Building seed filter...  [0.389137s]
Searching alignments...  [37.423s]
Processing query chunk 0, reference chunk 1, shape 1, index chunk 2.
Building reference index...  [4.42397s]
Building query index...  [1.81065s]
Building seed filter...  [0.329387s]
Searching alignments...  [36.9997s]
Processing query chunk 0, reference chunk 1, shape 1, index chunk 3.
Building reference index...  [3.89633s]
Building query index...  [1.43098s]
Building seed filter...  [0.375147s]
Searching alignments...  [36.1247s]
Deallocating buffers...  [0.010957s]
Opening temporary output file...  [0.001345s]
Computing alignments...  [130.177s]
Deallocating reference...  [0.008373s]
Loading reference sequences...  [3.37201s]
Building reference histograms...  [2.09601s]
Allocating buffers...  [0.000511s]
Initializing temporary storage...  [0.069984s]
Processing query chunk 0, reference chunk 2, shape 0, index chunk 0.
Building reference index...  [3.61958s]
Building query index...  [1.58113s]
Building seed filter...  [0.332431s]
Searching alignments...  [67.1038s]
Processing query chunk 0, reference chunk 2, shape 0, index chunk 1.
Building reference index...  [4.39727s]
Building query index...  [1.63559s]
Building seed filter...  [0.398895s]
Searching alignments...  [52.3319s]
Processing query chunk 0, reference chunk 2, shape 0, index chunk 2.
Building reference index...  [4.68001s]
Building query index...  [1.85968s]
Building seed filter...  [0.354882s]
Searching alignments...  [49.1915s]
Processing query chunk 0, reference chunk 2, shape 0, index chunk 3.
Building reference index...  [3.81718s]
Building query index...  [1.54596s]
Building seed filter...  [0.433451s]
Searching alignments...  [46.4468s]
Processing query chunk 0, reference chunk 2, shape 1, index chunk 0.
Building reference index...  [3.9563s]
Building query index...  [1.44023s]
Building seed filter...  [0.565512s]
Searching alignments...  [36.4076s]
Processing query chunk 0, reference chunk 2, shape 1, index chunk 1.
Building reference index...  [4.39453s]
Building query index...  [1.71808s]
Building seed filter...  [0.331489s]
Searching alignments...  [35.2109s]
Processing query chunk 0, reference chunk 2, shape 1, index chunk 2.
Building reference index...  [4.39563s]
Building query index...  [1.79548s]
Building seed filter...  [0.383142s]
Searching alignments...  [36.1556s]
Processing query chunk 0, reference chunk 2, shape 1, index chunk 3.
Building reference index...  [4.15397s]
Building query index...  [1.34381s]
Building seed filter...  [0.412012s]
Searching alignments...  [35.0978s]
Deallocating buffers...  [0.011519s]
Opening temporary output file...  [0.003193s]
Computing alignments...  [125.228s]
Deallocating reference...  [0.008321s]
Loading reference sequences...  [3.40113s]
Building reference histograms...  [2.40846s]
Allocating buffers...  [0.000557s]
Initializing temporary storage...  [0.069653s]
Processing query chunk 0, reference chunk 3, shape 0, index chunk 0.
Building reference index...  [3.83351s]
Building query index...  [1.5321s]
Building seed filter...  [0.396612s]
Searching alignments...  [66.821s]
Processing query chunk 0, reference chunk 3, shape 0, index chunk 1.
Building reference index...  [4.48854s]
Building query index...  [1.69667s]
Building seed filter...  [0.423716s]
Searching alignments...  [51.7216s]
Processing query chunk 0, reference chunk 3, shape 0, index chunk 2.
Building reference index...  [4.38899s]
Building query index...  [1.94356s]
Building seed filter...  [0.359429s]
Searching alignments...  [47.7592s]
Processing query chunk 0, reference chunk 3, shape 0, index chunk 3.
Building reference index...  [4.08295s]
Building query index...  [1.55938s]
Building seed filter...  [0.289468s]
Searching alignments...  [45.2306s]
Processing query chunk 0, reference chunk 3, shape 1, index chunk 0.
Building reference index...  [3.87766s]
Building query index...  [1.27595s]
Building seed filter...  [0.380376s]
Searching alignments...  [36.765s]
Processing query chunk 0, reference chunk 3, shape 1, index chunk 1.
Building reference index...  [4.52473s]
Building query index...  [1.539s]
Building seed filter...  [0.416602s]
Searching alignments...  [35.5896s]
Processing query chunk 0, reference chunk 3, shape 1, index chunk 2.
Building reference index...  [4.70769s]
Building query index...  [1.73516s]
Building seed filter...  [0.296691s]
Searching alignments...  [36.9752s]
Processing query chunk 0, reference chunk 3, shape 1, index chunk 3.
Building reference index...  [3.96171s]
Building query index...  [1.34643s]
Building seed filter...  [0.466301s]
Searching alignments...  [36.1663s]
Deallocating buffers...  [0.012088s]
Opening temporary output file...  [0.001044s]
Computing alignments...  [132.232s]
Deallocating reference...  [0.008641s]
Loading reference sequences...  [2.6462s]
Building reference histograms...  [1.57501s]
Allocating buffers...  [0.000545s]
Initializing temporary storage...  [0.070723s]
Processing query chunk 0, reference chunk 4, shape 0, index chunk 0.
Building reference index...  [3.00542s]
Building query index...  [1.54677s]
Building seed filter...  [0.349462s]
Searching alignments...  [56.4352s]
Processing query chunk 0, reference chunk 4, shape 0, index chunk 1.
Building reference index...  [3.56168s]
Building query index...  [1.74221s]
Building seed filter...  [0.36715s]
Searching alignments...  [43.2075s]
Processing query chunk 0, reference chunk 4, shape 0, index chunk 2.
Building reference index...  [3.4866s]
Building query index...  [1.76402s]
Building seed filter...  [0.312287s]
Searching alignments...  [40.2286s]
Processing query chunk 0, reference chunk 4, shape 0, index chunk 3.
Building reference index...  [3.23215s]
Building query index...  [1.45335s]
Building seed filter...  [0.265379s]
Searching alignments...  [38.7994s]
Processing query chunk 0, reference chunk 4, shape 1, index chunk 0.
Building reference index...  [2.85225s]
Building query index...  [1.39849s]
Building seed filter...  [0.277569s]
Searching alignments...  [29.8404s]
Processing query chunk 0, reference chunk 4, shape 1, index chunk 1.
Building reference index...  [3.39043s]
Building query index...  [1.51153s]
Building seed filter...  [0.299269s]
Searching alignments...  [29.0739s]
Processing query chunk 0, reference chunk 4, shape 1, index chunk 2.
Building reference index...  [3.54198s]
Building query index...  [1.60789s]
Building seed filter...  [0.26906s]
Searching alignments...  [29.1508s]
Processing query chunk 0, reference chunk 4, shape 1, index chunk 3.
Building reference index...  [3.13769s]
Building query index...  [1.42914s]
Building seed filter...  [0.35346s]
Searching alignments...  [28.8863s]
Deallocating buffers...  [0.008557s]
Opening temporary output file...  [0.00086s]
Computing alignments...  [106.366s]
Deallocating reference...  [0.006369s]
Loading reference sequences...  [4.2e-05s]
Deallocating buffers...  [0.004115s]
Joining output blocks...  [26.5213s]
Deallocating queries...  [0.708578s]
Loading query sequences...  [3e-05s]
Closing the input file...  [3.3e-05s]
Closing the output file...  [0.000278s]
Closing the database file...  [1.6e-05s]
Deallocating taxonomy...  [5e-06s]
Total time = 2620.41s
Reported 5292121 pairwise alignments, 5292122 HSPs.
5292121 queries aligned.
diamond v0.9.24.125 | by Benjamin Buchfink <buchfink@gmail.com>
Licensed under the GNU GPL <https://www.gnu.org/licenses/gpl.txt>
Check http://github.com/bbuchfink/diamond for updates.

#CPU threads: 36
Scoring parameters: (Matrix=BLOSUM62 Lambda=0.267 K=0.041 Penalties=11/1)
Temporary directory: 
Opening the database...  [9.5e-05s]
#Target sequences to report alignments for: 1
Opening the input file...  [0.034589s]
Opening the output file...  [0.000242s]
Loading query sequences...  [8.38691s]
Masking queries...  [15.6277s]
Building query seed set...  [0.070608s]
Algorithm: Double-indexed
Building query histograms...  [0.790016s]
Allocating buffers...  [0.000938s]
Loading reference sequences...  [3.39215s]
Building reference histograms...  [2.1379s]
Allocating buffers...  [0.000117s]
Initializing temporary storage...  [0.070889s]
Processing query chunk 0, reference chunk 0, shape 0, index chunk 0.
Building reference index...  [3.76623s]
Building query index...  [1.23659s]
Building seed filter...  [0.335124s]
Searching alignments...  [52.3415s]
Processing query chunk 0, reference chunk 0, shape 0, index chunk 1.
Building reference index...  [4.28187s]
Building query index...  [1.24071s]
Building seed filter...  [0.310134s]
Searching alignments...  [41.158s]
Processing query chunk 0, reference chunk 0, shape 0, index chunk 2.
Building reference index...  [4.38558s]
Building query index...  [1.45006s]
Building seed filter...  [0.319196s]
Searching alignments...  [36.5901s]
Processing query chunk 0, reference chunk 0, shape 0, index chunk 3.
Building reference index...  [4.01828s]
Building query index...  [1.21863s]
Building seed filter...  [0.310578s]
Searching alignments...  [34.1322s]
Processing query chunk 0, reference chunk 0, shape 1, index chunk 0.
Building reference index...  [3.97523s]
Building query index...  [1.09236s]
Building seed filter...  [0.347697s]
Searching alignments...  [26.7003s]
Processing query chunk 0, reference chunk 0, shape 1, index chunk 1.
Building reference index...  [4.48411s]
Building query index...  [1.28123s]
Building seed filter...  [0.354373s]
Searching alignments...  [27.0392s]
Processing query chunk 0, reference chunk 0, shape 1, index chunk 2.
Building reference index...  [4.86843s]
Building query index...  [1.28013s]
Building seed filter...  [0.301045s]
Searching alignments...  [27.1278s]
Processing query chunk 0, reference chunk 0, shape 1, index chunk 3.
Building reference index...  [4.25359s]
Building query index...  [0.978629s]
Building seed filter...  [0.30535s]
Searching alignments...  [25.6125s]
Deallocating buffers...  [0.010778s]
Opening temporary output file...  [0.002343s]
Computing alignments...  [109.87s]
Deallocating reference...  [0.008472s]
Loading reference sequences...  [3.47753s]
Building reference histograms...  [2.10621s]
Allocating buffers...  [0.000556s]
Initializing temporary storage...  [0.061064s]
Processing query chunk 0, reference chunk 1, shape 0, index chunk 0.
Building reference index...  [3.82535s]
Building query index...  [1.20682s]
Building seed filter...  [0.339576s]
Searching alignments...  [52.8253s]
Processing query chunk 0, reference chunk 1, shape 0, index chunk 1.
Building reference index...  [4.7941s]
Building query index...  [1.37148s]
Building seed filter...  [0.398032s]
Searching alignments...  [41.6128s]
Processing query chunk 0, reference chunk 1, shape 0, index chunk 2.
Building reference index...  [4.68415s]
Building query index...  [1.50916s]
Building seed filter...  [0.345134s]
Searching alignments...  [37.5722s]
Processing query chunk 0, reference chunk 1, shape 0, index chunk 3.
Building reference index...  [3.71452s]
Building query index...  [1.18189s]
Building seed filter...  [0.313904s]
Searching alignments...  [35.6695s]
Processing query chunk 0, reference chunk 1, shape 1, index chunk 0.
Building reference index...  [3.97373s]
Building query index...  [1.07024s]
Building seed filter...  [0.440423s]
Searching alignments...  [28.3625s]
Processing query chunk 0, reference chunk 1, shape 1, index chunk 1.
Building reference index...  [4.59732s]
Building query index...  [1.26702s]
Building seed filter...  [0.377231s]
Searching alignments...  [28.4313s]
Processing query chunk 0, reference chunk 1, shape 1, index chunk 2.
Building reference index...  [4.48986s]
Building query index...  [1.17782s]
Building seed filter...  [0.364707s]
Searching alignments...  [28.4804s]
Processing query chunk 0, reference chunk 1, shape 1, index chunk 3.
Building reference index...  [3.92871s]
Building query index...  [0.966967s]
Building seed filter...  [0.379243s]
Searching alignments...  [26.7952s]
Deallocating buffers...  [0.011278s]
Opening temporary output file...  [0.000413s]
Computing alignments...  [104.138s]
Deallocating reference...  [0.008598s]
Loading reference sequences...  [3.43793s]
Building reference histograms...  [2.32856s]
Allocating buffers...  [0.00057s]
Initializing temporary storage...  [0.069432s]
Processing query chunk 0, reference chunk 2, shape 0, index chunk 0.
Building reference index...  [3.8358s]
Building query index...  [1.24358s]
Building seed filter...  [0.428684s]
Searching alignments...  [52.9693s]
Processing query chunk 0, reference chunk 2, shape 0, index chunk 1.
Building reference index...  [4.35296s]
Building query index...  [1.30757s]
Building seed filter...  [0.317621s]
Searching alignments...  [39.7724s]
Processing query chunk 0, reference chunk 2, shape 0, index chunk 2.
Building reference index...  [5.06374s]
Building query index...  [1.45677s]
Building seed filter...  [0.327339s]
Searching alignments...  [37.7731s]
Processing query chunk 0, reference chunk 2, shape 0, index chunk 3.
Building reference index...  [4.16275s]
Building query index...  [1.14125s]
Building seed filter...  [0.380725s]
Searching alignments...  [36.5068s]
Processing query chunk 0, reference chunk 2, shape 1, index chunk 0.
Building reference index...  [3.98067s]
Building query index...  [1.08442s]
Building seed filter...  [0.390258s]
Searching alignments...  [28.7824s]
Processing query chunk 0, reference chunk 2, shape 1, index chunk 1.
Building reference index...  [4.41662s]
Building query index...  [1.17638s]
Building seed filter...  [0.295904s]
Searching alignments...  [27.2476s]
Processing query chunk 0, reference chunk 2, shape 1, index chunk 2.
Building reference index...  [4.88493s]
Building query index...  [1.26647s]
Building seed filter...  [0.395985s]
Searching alignments...  [27.8506s]
Processing query chunk 0, reference chunk 2, shape 1, index chunk 3.
Building reference index...  [3.986s]
Building query index...  [1.15992s]
Building seed filter...  [0.318389s]
Searching alignments...  [27.8491s]
Deallocating buffers...  [0.010681s]
Opening temporary output file...  [0.000513s]
Computing alignments...  [102.527s]
Deallocating reference...  [0.009324s]
Loading reference sequences...  [3.5223s]
Building reference histograms...  [2.05584s]
Allocating buffers...  [0.000543s]
Initializing temporary storage...  [0.067208s]
Processing query chunk 0, reference chunk 3, shape 0, index chunk 0.
Building reference index...  [3.65124s]
Building query index...  [1.24057s]
Building seed filter...  [0.405128s]
Searching alignments...  [51.8605s]
Processing query chunk 0, reference chunk 3, shape 0, index chunk 1.
Building reference index...  [4.86279s]
Building query index...  [1.37713s]
Building seed filter...  [0.404472s]
Searching alignments...  [40.0495s]
Processing query chunk 0, reference chunk 3, shape 0, index chunk 2.
Building reference index...  [5.17871s]
Building query index...  [1.37457s]
Building seed filter...  [0.342645s]
Searching alignments...  [37.9503s]
Processing query chunk 0, reference chunk 3, shape 0, index chunk 3.
Building reference index...  [4.31177s]
Building query index...  [1.25234s]
Building seed filter...  [0.41323s]
Searching alignments...  [36.3823s]
Processing query chunk 0, reference chunk 3, shape 1, index chunk 0.
Building reference index...  [4.21085s]
Building query index...  [1.08378s]
Building seed filter...  [0.351023s]
Searching alignments...  [28.3285s]
Processing query chunk 0, reference chunk 3, shape 1, index chunk 1.
Building reference index...  [4.2074s]
Building query index...  [1.28529s]
Building seed filter...  [0.379857s]
Searching alignments...  [27.9023s]
Processing query chunk 0, reference chunk 3, shape 1, index chunk 2.
Building reference index...  [5.10673s]
Building query index...  [1.31465s]
Building seed filter...  [0.425851s]
Searching alignments...  [27.9975s]
Processing query chunk 0, reference chunk 3, shape 1, index chunk 3.
Building reference index...  [3.58833s]
Building query index...  [1.11662s]
Building seed filter...  [0.319776s]
Searching alignments...  [27.226s]
Deallocating buffers...  [0.012375s]
Opening temporary output file...  [0.000383s]
Computing alignments...  [101.316s]
Deallocating reference...  [0.008129s]
Loading reference sequences...  [2.664s]
Building reference histograms...  [1.99126s]
Allocating buffers...  [0.000567s]
Initializing temporary storage...  [0.067101s]
Processing query chunk 0, reference chunk 4, shape 0, index chunk 0.
Building reference index...  [2.92147s]
Building query index...  [1.21562s]
Building seed filter...  [0.257024s]
Searching alignments...  [42.5378s]
Processing query chunk 0, reference chunk 4, shape 0, index chunk 1.
Building reference index...  [3.4334s]
Building query index...  [1.464s]
Building seed filter...  [0.265552s]
Searching alignments...  [34.2267s]
Processing query chunk 0, reference chunk 4, shape 0, index chunk 2.
Building reference index...  [3.59946s]
Building query index...  [1.30282s]
Building seed filter...  [0.268113s]
Searching alignments...  [31.1705s]
Processing query chunk 0, reference chunk 4, shape 0, index chunk 3.
Building reference index...  [2.71874s]
Building query index...  [1.1951s]
Building seed filter...  [0.382688s]
Searching alignments...  [28.7632s]
Processing query chunk 0, reference chunk 4, shape 1, index chunk 0.
Building reference index...  [3.03917s]
Building query index...  [1.02534s]
Building seed filter...  [0.246337s]
Searching alignments...  [22.562s]
Processing query chunk 0, reference chunk 4, shape 1, index chunk 1.
Building reference index...  [3.22253s]
Building query index...  [1.21408s]
Building seed filter...  [0.249562s]
Searching alignments...  [22.5733s]
Processing query chunk 0, reference chunk 4, shape 1, index chunk 2.
Building reference index...  [3.86087s]
Building query index...  [1.22109s]
Building seed filter...  [0.317276s]
Searching alignments...  [22.6388s]
Processing query chunk 0, reference chunk 4, shape 1, index chunk 3.
Building reference index...  [2.95099s]
Building query index...  [1.10704s]
Building seed filter...  [0.309115s]
Searching alignments...  [22.204s]
Deallocating buffers...  [0.008598s]
Opening temporary output file...  [0.001315s]
Computing alignments...  [80.8412s]
Deallocating reference...  [0.006677s]
Loading reference sequences...  [0.000101s]
Deallocating buffers...  [0.003134s]
Joining output blocks...  [23.3831s]
Deallocating queries...  [0.477507s]
Loading query sequences...  [2.7e-05s]
Closing the input file...  [3e-05s]
Closing the output file...  [0.000286s]
Closing the database file...  [1.4e-05s]
Deallocating taxonomy...  [6e-06s]
Total time = 2135.09s
Reported 3999900 pairwise alignments, 3999902 HSPs.
3999900 queries aligned.
