 Command:
    sortmerna --ref /vortexfs1/omics/env-bio/collaboration/dinoflagellates_METZYME/databases/silva111/rRNA_databases/rfam-5.8s-database-id98.fasta --ref /vortexfs1/omics/env-bio/collaboration/dinoflagellates_METZYME/databases/silva111/rRNA_databases/rfam-5s-database-id98.fasta --ref /vortexfs1/omics/env-bio/collaboration/dinoflagellates_METZYME/databases/silva111/rRNA_databases/silva-arc-16s-id95.fasta --ref /vortexfs1/omics/env-bio/collaboration/dinoflagellates_METZYME/databases/silva111/rRNA_databases/silva-arc-23s-id98.fasta --ref /vortexfs1/omics/env-bio/collaboration/dinoflagellates_METZYME/databases/silva111/rRNA_databases/silva-bac-16s-id90.fasta --ref /vortexfs1/omics/env-bio/collaboration/dinoflagellates_METZYME/databases/silva111/rRNA_databases/silva-bac-23s-id98.fasta --ref /vortexfs1/omics/env-bio/collaboration/dinoflagellates_METZYME/databases/silva111/rRNA_databases/silva-euk-18s-id95.fasta --ref /vortexfs1/omics/env-bio/collaboration/dinoflagellates_METZYME/databases/silva111/rRNA_databases/silva-euk-28s-id98.fasta --reads 30B8Z_S11_001.paired_trimmed.fasta --aligned 30B8Z_S11_001_40m_rRNA --fastx --other 30B8Z_S11_001_40m_mRNA -v 

 Process pid = 308529

 Parameters summary: 
    Reference file: /vortexfs1/omics/env-bio/collaboration/dinoflagellates_METZYME/databases/silva111/rRNA_databases/rfam-5.8s-database-id98.fasta
        Seed length = 18
        Pass 1 = 18, Pass 2 = 9, Pass 3 = 3
        Gumbel lambda = 0.617555
        Gumbel K = 0.343861
        Minimal SW score based on E-value = 56
    Reference file: /vortexfs1/omics/env-bio/collaboration/dinoflagellates_METZYME/databases/silva111/rRNA_databases/rfam-5s-database-id98.fasta
        Seed length = 18
        Pass 1 = 18, Pass 2 = 9, Pass 3 = 3
        Gumbel lambda = 0.616694
        Gumbel K = 0.342032
        Minimal SW score based on E-value = 58
    Reference file: /vortexfs1/omics/env-bio/collaboration/dinoflagellates_METZYME/databases/silva111/rRNA_databases/silva-arc-16s-id95.fasta
        Seed length = 18
        Pass 1 = 18, Pass 2 = 9, Pass 3 = 3
        Gumbel lambda = 0.596286
        Gumbel K = 0.322254
        Minimal SW score based on E-value = 59
    Reference file: /vortexfs1/omics/env-bio/collaboration/dinoflagellates_METZYME/databases/silva111/rRNA_databases/silva-arc-23s-id98.fasta
        Seed length = 18
        Pass 1 = 18, Pass 2 = 9, Pass 3 = 3
        Gumbel lambda = 0.597507
        Gumbel K = 0.331576
        Minimal SW score based on E-value = 56
    Reference file: /vortexfs1/omics/env-bio/collaboration/dinoflagellates_METZYME/databases/silva111/rRNA_databases/silva-bac-16s-id90.fasta
        Seed length = 18
        Pass 1 = 18, Pass 2 = 9, Pass 3 = 3
        Gumbel lambda = 0.602725
        Gumbel K = 0.329559
        Minimal SW score based on E-value = 61
    Reference file: /vortexfs1/omics/env-bio/collaboration/dinoflagellates_METZYME/databases/silva111/rRNA_databases/silva-bac-23s-id98.fasta
        Seed length = 18
        Pass 1 = 18, Pass 2 = 9, Pass 3 = 3
        Gumbel lambda = 0.602436
        Gumbel K = 0.335011
        Minimal SW score based on E-value = 60
    Reference file: /vortexfs1/omics/env-bio/collaboration/dinoflagellates_METZYME/databases/silva111/rRNA_databases/silva-euk-18s-id95.fasta
        Seed length = 18
        Pass 1 = 18, Pass 2 = 9, Pass 3 = 3
        Gumbel lambda = 0.612551
        Gumbel K = 0.33981
        Minimal SW score based on E-value = 59
    Reference file: /vortexfs1/omics/env-bio/collaboration/dinoflagellates_METZYME/databases/silva111/rRNA_databases/silva-euk-28s-id98.fasta
        Seed length = 18
        Pass 1 = 18, Pass 2 = 9, Pass 3 = 3
        Gumbel lambda = 0.612082
        Gumbel K = 0.345772
        Minimal SW score based on E-value = 60
    Number of seeds = 2
    Edges = 4
    SW match = 2
    SW mismatch = -3
    SW gap open penalty = 5
    SW gap extend penalty = 2
    SW ambiguous nucleotide = -3
    SQ tags are not output
    Number of alignment processing threads = 0
    Reads file: 30B8Z_S11_001.paired_trimmed.fasta
    Total reads = 15554854

 Results:
    Total reads passing E-value threshold = 133381 (0.86)
    Total reads failing E-value threshold = 15421473 (99.14)
    Minimum read length = 31
    Maximum read length = 146
    Mean read length    = 139

 Coverage by database:
    /vortexfs1/omics/env-bio/collaboration/dinoflagellates_METZYME/databases/silva111/rRNA_databases/rfam-5.8s-database-id98.fasta		0.00
    /vortexfs1/omics/env-bio/collaboration/dinoflagellates_METZYME/databases/silva111/rRNA_databases/rfam-5s-database-id98.fasta		0.00
    /vortexfs1/omics/env-bio/collaboration/dinoflagellates_METZYME/databases/silva111/rRNA_databases/silva-arc-16s-id95.fasta		0.01
    /vortexfs1/omics/env-bio/collaboration/dinoflagellates_METZYME/databases/silva111/rRNA_databases/silva-arc-23s-id98.fasta		0.03
    /vortexfs1/omics/env-bio/collaboration/dinoflagellates_METZYME/databases/silva111/rRNA_databases/silva-bac-16s-id90.fasta		0.23
    /vortexfs1/omics/env-bio/collaboration/dinoflagellates_METZYME/databases/silva111/rRNA_databases/silva-bac-23s-id98.fasta		0.30
    /vortexfs1/omics/env-bio/collaboration/dinoflagellates_METZYME/databases/silva111/rRNA_databases/silva-euk-18s-id95.fasta		0.04
    /vortexfs1/omics/env-bio/collaboration/dinoflagellates_METZYME/databases/silva111/rRNA_databases/silva-euk-28s-id98.fasta		0.24

 Mon Oct 25 18:28:25 2021

