 Command:
    sortmerna --ref /vortexfs1/omics/env-bio/collaboration/dinoflagellates_METZYME/databases/silva111/rRNA_databases/rfam-5.8s-database-id98.fasta --ref /vortexfs1/omics/env-bio/collaboration/dinoflagellates_METZYME/databases/silva111/rRNA_databases/rfam-5s-database-id98.fasta --ref /vortexfs1/omics/env-bio/collaboration/dinoflagellates_METZYME/databases/silva111/rRNA_databases/silva-arc-16s-id95.fasta --ref /vortexfs1/omics/env-bio/collaboration/dinoflagellates_METZYME/databases/silva111/rRNA_databases/silva-arc-23s-id98.fasta --ref /vortexfs1/omics/env-bio/collaboration/dinoflagellates_METZYME/databases/silva111/rRNA_databases/silva-bac-16s-id90.fasta --ref /vortexfs1/omics/env-bio/collaboration/dinoflagellates_METZYME/databases/silva111/rRNA_databases/silva-bac-23s-id98.fasta --ref /vortexfs1/omics/env-bio/collaboration/dinoflagellates_METZYME/databases/silva111/rRNA_databases/silva-euk-18s-id95.fasta --ref /vortexfs1/omics/env-bio/collaboration/dinoflagellates_METZYME/databases/silva111/rRNA_databases/silva-euk-28s-id98.fasta --reads 30B91_S28_001.paired_trimmed.fasta --aligned 30B91_S28_001_380m_rRNA --fastx --other 30B91_S28_001_380m_mRNA -v 

 Process pid = 328842

 Parameters summary: 
    Reference file: /vortexfs1/omics/env-bio/collaboration/dinoflagellates_METZYME/databases/silva111/rRNA_databases/rfam-5.8s-database-id98.fasta
        Seed length = 18
        Pass 1 = 18, Pass 2 = 9, Pass 3 = 3
        Gumbel lambda = 0.617555
        Gumbel K = 0.343861
        Minimal SW score based on E-value = 56
    Reference file: /vortexfs1/omics/env-bio/collaboration/dinoflagellates_METZYME/databases/silva111/rRNA_databases/rfam-5s-database-id98.fasta
        Seed length = 18
        Pass 1 = 18, Pass 2 = 9, Pass 3 = 3
        Gumbel lambda = 0.616694
        Gumbel K = 0.342032
        Minimal SW score based on E-value = 58
    Reference file: /vortexfs1/omics/env-bio/collaboration/dinoflagellates_METZYME/databases/silva111/rRNA_databases/silva-arc-16s-id95.fasta
        Seed length = 18
        Pass 1 = 18, Pass 2 = 9, Pass 3 = 3
        Gumbel lambda = 0.596286
        Gumbel K = 0.322254
        Minimal SW score based on E-value = 59
    Reference file: /vortexfs1/omics/env-bio/collaboration/dinoflagellates_METZYME/databases/silva111/rRNA_databases/silva-arc-23s-id98.fasta
        Seed length = 18
        Pass 1 = 18, Pass 2 = 9, Pass 3 = 3
        Gumbel lambda = 0.597507
        Gumbel K = 0.331576
        Minimal SW score based on E-value = 56
    Reference file: /vortexfs1/omics/env-bio/collaboration/dinoflagellates_METZYME/databases/silva111/rRNA_databases/silva-bac-16s-id90.fasta
        Seed length = 18
        Pass 1 = 18, Pass 2 = 9, Pass 3 = 3
        Gumbel lambda = 0.602725
        Gumbel K = 0.329559
        Minimal SW score based on E-value = 61
    Reference file: /vortexfs1/omics/env-bio/collaboration/dinoflagellates_METZYME/databases/silva111/rRNA_databases/silva-bac-23s-id98.fasta
        Seed length = 18
        Pass 1 = 18, Pass 2 = 9, Pass 3 = 3
        Gumbel lambda = 0.602436
        Gumbel K = 0.335011
        Minimal SW score based on E-value = 61
    Reference file: /vortexfs1/omics/env-bio/collaboration/dinoflagellates_METZYME/databases/silva111/rRNA_databases/silva-euk-18s-id95.fasta
        Seed length = 18
        Pass 1 = 18, Pass 2 = 9, Pass 3 = 3
        Gumbel lambda = 0.612551
        Gumbel K = 0.33981
        Minimal SW score based on E-value = 60
    Reference file: /vortexfs1/omics/env-bio/collaboration/dinoflagellates_METZYME/databases/silva111/rRNA_databases/silva-euk-28s-id98.fasta
        Seed length = 18
        Pass 1 = 18, Pass 2 = 9, Pass 3 = 3
        Gumbel lambda = 0.612082
        Gumbel K = 0.345772
        Minimal SW score based on E-value = 60
    Number of seeds = 2
    Edges = 4
    SW match = 2
    SW mismatch = -3
    SW gap open penalty = 5
    SW gap extend penalty = 2
    SW ambiguous nucleotide = -3
    SQ tags are not output
    Number of alignment processing threads = 0
    Reads file: 30B91_S28_001.paired_trimmed.fasta
    Total reads = 19226518

 Results:
    Total reads passing E-value threshold = 128308 (0.67)
    Total reads failing E-value threshold = 19098210 (99.33)
    Minimum read length = 31
    Maximum read length = 146
    Mean read length    = 138

 Coverage by database:
    /vortexfs1/omics/env-bio/collaboration/dinoflagellates_METZYME/databases/silva111/rRNA_databases/rfam-5.8s-database-id98.fasta		0.00
    /vortexfs1/omics/env-bio/collaboration/dinoflagellates_METZYME/databases/silva111/rRNA_databases/rfam-5s-database-id98.fasta		0.00
    /vortexfs1/omics/env-bio/collaboration/dinoflagellates_METZYME/databases/silva111/rRNA_databases/silva-arc-16s-id95.fasta		0.00
    /vortexfs1/omics/env-bio/collaboration/dinoflagellates_METZYME/databases/silva111/rRNA_databases/silva-arc-23s-id98.fasta		0.01
    /vortexfs1/omics/env-bio/collaboration/dinoflagellates_METZYME/databases/silva111/rRNA_databases/silva-bac-16s-id90.fasta		0.18
    /vortexfs1/omics/env-bio/collaboration/dinoflagellates_METZYME/databases/silva111/rRNA_databases/silva-bac-23s-id98.fasta		0.12
    /vortexfs1/omics/env-bio/collaboration/dinoflagellates_METZYME/databases/silva111/rRNA_databases/silva-euk-18s-id95.fasta		0.04
    /vortexfs1/omics/env-bio/collaboration/dinoflagellates_METZYME/databases/silva111/rRNA_databases/silva-euk-28s-id98.fasta		0.31

 Mon Oct 25 21:29:37 2021

